<?xml version="1.0" encoding="utf-8"?>
<TestRun id="be5d9b39-c238-4200-bcd5-c8b8d254a7b9" name="@psofka0487 2026-03-01 18:41:56" xmlns="http://microsoft.com/schemas/VisualStudio/TeamTest/2010">
  <Times creation="2026-03-01T18:41:56.1598430-05:00" queuing="2026-03-01T18:41:56.1598431-05:00" start="2026-03-01T18:41:55.1036388-05:00" finish="2026-03-01T18:41:56.1725855-05:00" />
  <TestSettings name="default" id="c7bdf146-4d41-43cf-be2d-cdb2e5a5f555">
    <Deployment runDeploymentRoot="_psofka0487_2026-03-01_18_41_56" />
  </TestSettings>
  <Results>
    <UnitTestResult executionId="f8673b55-64f1-4268-bfe7-071b7351ed95" testId="7e16d553-1f03-47a8-6140-d8fc1fb6b94b" testName="ReservationService.Application.Tests.ProcessReservationCommandHandlerTests.HandleAsync_AvailableTicket_ReturnsSuccess" computerName="psofka0487" duration="00:00:00.1186834" startTime="2026-03-01T18:41:55.9797940-05:00" endTime="2026-03-01T18:41:55.9798282-05:00" testType="13cdc9d9-ddb5-4fa4-a97d-d965ccfc6d4b" outcome="Passed" testListId="8c84fa94-04c1-424b-9868-57a2d4851a1d" relativeResultsDirectory="f8673b55-64f1-4268-bfe7-071b7351ed95" />
    <UnitTestResult executionId="64eaf4e4-73f9-4667-9920-f83ee16a6a1f" testId="ea27eec9-c266-7752-075b-b95bf80bdafa" testName="ReservationService.Application.Tests.ProcessReservationCommandHandlerTests.HandleAsync_TicketNotFound_ReturnsFailure" computerName="psofka0487" duration="00:00:00.0113338" startTime="2026-03-01T18:41:55.9906306-05:00" endTime="2026-03-01T18:41:55.9906306-05:00" testType="13cdc9d9-ddb5-4fa4-a97d-d965ccfc6d4b" outcome="Passed" testListId="8c84fa94-04c1-424b-9868-57a2d4851a1d" relativeResultsDirectory="64eaf4e4-73f9-4667-9920-f83ee16a6a1f" />
    <UnitTestResult executionId="2f07efe2-bd0a-4c14-87d4-f99f5bcfd99c" testId="5b8a3290-e5e5-fa7a-e233-0b6484c6e538" testName="ReservationService.Application.Tests.ProcessReservationCommandHandlerTests.HandleAsync_ConcurrentModification_ReturnsFailure" computerName="psofka0487" duration="00:00:00.0008868" startTime="2026-03-01T18:41:55.9916282-05:00" endTime="2026-03-01T18:41:55.9916282-05:00" testType="13cdc9d9-ddb5-4fa4-a97d-d965ccfc6d4b" outcome="Passed" testListId="8c84fa94-04c1-424b-9868-57a2d4851a1d" relativeResultsDirectory="2f07efe2-bd0a-4c14-87d4-f99f5bcfd99c" />
    <UnitTestResult executionId="8407f361-de63-4b6c-90d4-d1fc344f6e54" testId="a01f38a9-b90a-d80d-0bce-92a501460bb6" testName="ReservationService.Application.Tests.ProcessExpirationCommandHandlerTests.HandleAsync_PaidTicket_ReturnsNoOp" computerName="psofka0487" duration="00:00:00.0046575" startTime="2026-03-01T18:41:55.9904675-05:00" endTime="2026-03-01T18:41:55.9904675-05:00" testType="13cdc9d9-ddb5-4fa4-a97d-d965ccfc6d4b" outcome="Passed" testListId="8c84fa94-04c1-424b-9868-57a2d4851a1d" relativeResultsDirectory="8407f361-de63-4b6c-90d4-d1fc344f6e54" />
    <UnitTestResult executionId="b891cb36-0beb-49f1-87ee-39510562b651" testId="e99d0590-7c8f-e39d-1d9a-1cd010aa6086" testName="ReservationService.Application.Tests.ProcessReservationCommandHandlerTests.HandleAsync_TicketAlreadyReserved_ReturnsFailure" computerName="psofka0487" duration="00:00:00.0024071" startTime="2026-03-01T18:41:55.9940982-05:00" endTime="2026-03-01T18:41:55.9940983-05:00" testType="13cdc9d9-ddb5-4fa4-a97d-d965ccfc6d4b" outcome="Passed" testListId="8c84fa94-04c1-424b-9868-57a2d4851a1d" relativeResultsDirectory="b891cb36-0beb-49f1-87ee-39510562b651" />
    <UnitTestResult executionId="802f26ca-3b39-4481-a9a3-afc7f2d5b938" testId="851b1e42-0f20-c409-7d41-b09488fc00ec" testName="ReservationService.Application.Tests.ProcessExpirationCommandHandlerTests.HandleAsync_AlreadyReleasedTicket_ReturnsIdempotentNoOp" computerName="psofka0487" duration="00:00:00.0010466" startTime="2026-03-01T18:41:55.9915695-05:00" endTime="2026-03-01T18:41:55.9915695-05:00" testType="13cdc9d9-ddb5-4fa4-a97d-d965ccfc6d4b" outcome="Passed" testListId="8c84fa94-04c1-424b-9868-57a2d4851a1d" relativeResultsDirectory="802f26ca-3b39-4481-a9a3-afc7f2d5b938" />
    <UnitTestResult executionId="4618d5c6-7282-468d-8966-0a3972ef0d10" testId="153dc984-ce57-1e4e-d1c0-5c1f1f067503" testName="ReservationService.Application.Tests.ProcessExpirationCommandHandlerTests.HandleAsync_ConcurrentModification_ReturnsFailure" computerName="psofka0487" duration="00:00:00.1295225" startTime="2026-03-01T18:41:55.9865200-05:00" endTime="2026-03-01T18:41:55.9865201-05:00" testType="13cdc9d9-ddb5-4fa4-a97d-d965ccfc6d4b" outcome="Passed" testListId="8c84fa94-04c1-424b-9868-57a2d4851a1d" relativeResultsDirectory="4618d5c6-7282-468d-8966-0a3972ef0d10" />
    <UnitTestResult executionId="f0997824-146f-4691-a151-af1e9ba643fc" testId="a1b0f722-ccb3-d4db-8365-9dd8a77ec3f0" testName="ReservationService.Application.Tests.ProcessExpirationCommandHandlerTests.HandleAsync_RepositoryThrows_ReturnsTechnicalFailure" computerName="psofka0487" duration="00:00:00.0015116" startTime="2026-03-01T18:41:55.9931450-05:00" endTime="2026-03-01T18:41:55.9931451-05:00" testType="13cdc9d9-ddb5-4fa4-a97d-d965ccfc6d4b" outcome="Passed" testListId="8c84fa94-04c1-424b-9868-57a2d4851a1d" relativeResultsDirectory="f0997824-146f-4691-a151-af1e9ba643fc" />
    <UnitTestResult executionId="696e3c62-43db-4e89-ad4c-aa475e5b5149" testId="dcee8225-e9e6-f8d9-9ce7-e4ba20bf0fea" testName="ReservationService.Application.Tests.ProcessExpirationCommandHandlerTests.HandleAsync_ReservedTicket_ReleasesAndReturnsStatusChanged" computerName="psofka0487" duration="00:00:00.0013665" startTime="2026-03-01T18:41:55.9945656-05:00" endTime="2026-03-01T18:41:55.9945657-05:00" testType="13cdc9d9-ddb5-4fa4-a97d-d965ccfc6d4b" outcome="Passed" testListId="8c84fa94-04c1-424b-9868-57a2d4851a1d" relativeResultsDirectory="696e3c62-43db-4e89-ad4c-aa475e5b5149" />
  </Results>
  <TestDefinitions>
    <UnitTest name="ReservationService.Application.Tests.ProcessReservationCommandHandlerTests.HandleAsync_AvailableTicket_ReturnsSuccess" storage="/home/jorge-ruiz/documentos/sofka/mvp ticketrush/ticketing_project_week0/reservationservice/tests/reservationservice.application.tests/bin/debug/net8.0/reservationservice.application.tests.dll" id="7e16d553-1f03-47a8-6140-d8fc1fb6b94b">
      <Execution id="f8673b55-64f1-4268-bfe7-071b7351ed95" />
      <TestMethod codeBase="/home/jorge-ruiz/Documentos/Sofka/MVP TicketRush/ticketing_project_week0/ReservationService/tests/ReservationService.Application.Tests/bin/Debug/net8.0/ReservationService.Application.Tests.dll" adapterTypeName="executor://xunit/VsTestRunner2/netcoreapp" className="ReservationService.Application.Tests.ProcessReservationCommandHandlerTests" name="HandleAsync_AvailableTicket_ReturnsSuccess" />
    </UnitTest>
    <UnitTest name="ReservationService.Application.Tests.ProcessExpirationCommandHandlerTests.HandleAsync_ReservedTicket_ReleasesAndReturnsStatusChanged" storage="/home/jorge-ruiz/documentos/sofka/mvp ticketrush/ticketing_project_week0/reservationservice/tests/reservationservice.application.tests/bin/debug/net8.0/reservationservice.application.tests.dll" id="dcee8225-e9e6-f8d9-9ce7-e4ba20bf0fea">
      <Execution id="696e3c62-43db-4e89-ad4c-aa475e5b5149" />
      <TestMethod codeBase="/home/jorge-ruiz/Documentos/Sofka/MVP TicketRush/ticketing_project_week0/ReservationService/tests/ReservationService.Application.Tests/bin/Debug/net8.0/ReservationService.Application.Tests.dll" adapterTypeName="executor://xunit/VsTestRunner2/netcoreapp" className="ReservationService.Application.Tests.ProcessExpirationCommandHandlerTests" name="HandleAsync_ReservedTicket_ReleasesAndReturnsStatusChanged" />
    </UnitTest>
    <UnitTest name="ReservationService.Application.Tests.ProcessExpirationCommandHandlerTests.HandleAsync_ConcurrentModification_ReturnsFailure" storage="/home/jorge-ruiz/documentos/sofka/mvp ticketrush/ticketing_project_week0/reservationservice/tests/reservationservice.application.tests/bin/debug/net8.0/reservationservice.application.tests.dll" id="153dc984-ce57-1e4e-d1c0-5c1f1f067503">
      <Execution id="4618d5c6-7282-468d-8966-0a3972ef0d10" />
      <TestMethod codeBase="/home/jorge-ruiz/Documentos/Sofka/MVP TicketRush/ticketing_project_week0/ReservationService/tests/ReservationService.Application.Tests/bin/Debug/net8.0/ReservationService.Application.Tests.dll" adapterTypeName="executor://xunit/VsTestRunner2/netcoreapp" className="ReservationService.Application.Tests.ProcessExpirationCommandHandlerTests" name="HandleAsync_ConcurrentModification_ReturnsFailure" />
    </UnitTest>
    <UnitTest name="ReservationService.Application.Tests.ProcessExpirationCommandHandlerTests.HandleAsync_RepositoryThrows_ReturnsTechnicalFailure" storage="/home/jorge-ruiz/documentos/sofka/mvp ticketrush/ticketing_project_week0/reservationservice/tests/reservationservice.application.tests/bin/debug/net8.0/reservationservice.application.tests.dll" id="a1b0f722-ccb3-d4db-8365-9dd8a77ec3f0">
      <Execution id="f0997824-146f-4691-a151-af1e9ba643fc" />
      <TestMethod codeBase="/home/jorge-ruiz/Documentos/Sofka/MVP TicketRush/ticketing_project_week0/ReservationService/tests/ReservationService.Application.Tests/bin/Debug/net8.0/ReservationService.Application.Tests.dll" adapterTypeName="executor://xunit/VsTestRunner2/netcoreapp" className="ReservationService.Application.Tests.ProcessExpirationCommandHandlerTests" name="HandleAsync_RepositoryThrows_ReturnsTechnicalFailure" />
    </UnitTest>
    <UnitTest name="ReservationService.Application.Tests.ProcessReservationCommandHandlerTests.HandleAsync_ConcurrentModification_ReturnsFailure" storage="/home/jorge-ruiz/documentos/sofka/mvp ticketrush/ticketing_project_week0/reservationservice/tests/reservationservice.application.tests/bin/debug/net8.0/reservationservice.application.tests.dll" id="5b8a3290-e5e5-fa7a-e233-0b6484c6e538">
      <Execution id="2f07efe2-bd0a-4c14-87d4-f99f5bcfd99c" />
      <TestMethod codeBase="/home/jorge-ruiz/Documentos/Sofka/MVP TicketRush/ticketing_project_week0/ReservationService/tests/ReservationService.Application.Tests/bin/Debug/net8.0/ReservationService.Application.Tests.dll" adapterTypeName="executor://xunit/VsTestRunner2/netcoreapp" className="ReservationService.Application.Tests.ProcessReservationCommandHandlerTests" name="HandleAsync_ConcurrentModification_ReturnsFailure" />
    </UnitTest>
    <UnitTest name="ReservationService.Application.Tests.ProcessExpirationCommandHandlerTests.HandleAsync_PaidTicket_ReturnsNoOp" storage="/home/jorge-ruiz/documentos/sofka/mvp ticketrush/ticketing_project_week0/reservationservice/tests/reservationservice.application.tests/bin/debug/net8.0/reservationservice.application.tests.dll" id="a01f38a9-b90a-d80d-0bce-92a501460bb6">
      <Execution id="8407f361-de63-4b6c-90d4-d1fc344f6e54" />
      <TestMethod codeBase="/home/jorge-ruiz/Documentos/Sofka/MVP TicketRush/ticketing_project_week0/ReservationService/tests/ReservationService.Application.Tests/bin/Debug/net8.0/ReservationService.Application.Tests.dll" adapterTypeName="executor://xunit/VsTestRunner2/netcoreapp" className="ReservationService.Application.Tests.ProcessExpirationCommandHandlerTests" name="HandleAsync_PaidTicket_ReturnsNoOp" />
    </UnitTest>
    <UnitTest name="ReservationService.Application.Tests.ProcessReservationCommandHandlerTests.HandleAsync_TicketAlreadyReserved_ReturnsFailure" storage="/home/jorge-ruiz/documentos/sofka/mvp ticketrush/ticketing_project_week0/reservationservice/tests/reservationservice.application.tests/bin/debug/net8.0/reservationservice.application.tests.dll" id="e99d0590-7c8f-e39d-1d9a-1cd010aa6086">
      <Execution id="b891cb36-0beb-49f1-87ee-39510562b651" />
      <TestMethod codeBase="/home/jorge-ruiz/Documentos/Sofka/MVP TicketRush/ticketing_project_week0/ReservationService/tests/ReservationService.Application.Tests/bin/Debug/net8.0/ReservationService.Application.Tests.dll" adapterTypeName="executor://xunit/VsTestRunner2/netcoreapp" className="ReservationService.Application.Tests.ProcessReservationCommandHandlerTests" name="HandleAsync_TicketAlreadyReserved_ReturnsFailure" />
    </UnitTest>
    <UnitTest name="ReservationService.Application.Tests.ProcessReservationCommandHandlerTests.HandleAsync_TicketNotFound_ReturnsFailure" storage="/home/jorge-ruiz/documentos/sofka/mvp ticketrush/ticketing_project_week0/reservationservice/tests/reservationservice.application.tests/bin/debug/net8.0/reservationservice.application.tests.dll" id="ea27eec9-c266-7752-075b-b95bf80bdafa">
      <Execution id="64eaf4e4-73f9-4667-9920-f83ee16a6a1f" />
      <TestMethod codeBase="/home/jorge-ruiz/Documentos/Sofka/MVP TicketRush/ticketing_project_week0/ReservationService/tests/ReservationService.Application.Tests/bin/Debug/net8.0/ReservationService.Application.Tests.dll" adapterTypeName="executor://xunit/VsTestRunner2/netcoreapp" className="ReservationService.Application.Tests.ProcessReservationCommandHandlerTests" name="HandleAsync_TicketNotFound_ReturnsFailure" />
    </UnitTest>
    <UnitTest name="ReservationService.Application.Tests.ProcessExpirationCommandHandlerTests.HandleAsync_AlreadyReleasedTicket_ReturnsIdempotentNoOp" storage="/home/jorge-ruiz/documentos/sofka/mvp ticketrush/ticketing_project_week0/reservationservice/tests/reservationservice.application.tests/bin/debug/net8.0/reservationservice.application.tests.dll" id="851b1e42-0f20-c409-7d41-b09488fc00ec">
      <Execution id="802f26ca-3b39-4481-a9a3-afc7f2d5b938" />
      <TestMethod codeBase="/home/jorge-ruiz/Documentos/Sofka/MVP TicketRush/ticketing_project_week0/ReservationService/tests/ReservationService.Application.Tests/bin/Debug/net8.0/ReservationService.Application.Tests.dll" adapterTypeName="executor://xunit/VsTestRunner2/netcoreapp" className="ReservationService.Application.Tests.ProcessExpirationCommandHandlerTests" name="HandleAsync_AlreadyReleasedTicket_ReturnsIdempotentNoOp" />
    </UnitTest>
  </TestDefinitions>
  <TestEntries>
    <TestEntry testId="7e16d553-1f03-47a8-6140-d8fc1fb6b94b" executionId="f8673b55-64f1-4268-bfe7-071b7351ed95" testListId="8c84fa94-04c1-424b-9868-57a2d4851a1d" />
    <TestEntry testId="ea27eec9-c266-7752-075b-b95bf80bdafa" executionId="64eaf4e4-73f9-4667-9920-f83ee16a6a1f" testListId="8c84fa94-04c1-424b-9868-57a2d4851a1d" />
    <TestEntry testId="5b8a3290-e5e5-fa7a-e233-0b6484c6e538" executionId="2f07efe2-bd0a-4c14-87d4-f99f5bcfd99c" testListId="8c84fa94-04c1-424b-9868-57a2d4851a1d" />
    <TestEntry testId="a01f38a9-b90a-d80d-0bce-92a501460bb6" executionId="8407f361-de63-4b6c-90d4-d1fc344f6e54" testListId="8c84fa94-04c1-424b-9868-57a2d4851a1d" />
    <TestEntry testId="e99d0590-7c8f-e39d-1d9a-1cd010aa6086" executionId="b891cb36-0beb-49f1-87ee-39510562b651" testListId="8c84fa94-04c1-424b-9868-57a2d4851a1d" />
    <TestEntry testId="851b1e42-0f20-c409-7d41-b09488fc00ec" executionId="802f26ca-3b39-4481-a9a3-afc7f2d5b938" testListId="8c84fa94-04c1-424b-9868-57a2d4851a1d" />
    <TestEntry testId="153dc984-ce57-1e4e-d1c0-5c1f1f067503" executionId="4618d5c6-7282-468d-8966-0a3972ef0d10" testListId="8c84fa94-04c1-424b-9868-57a2d4851a1d" />
    <TestEntry testId="a1b0f722-ccb3-d4db-8365-9dd8a77ec3f0" executionId="f0997824-146f-4691-a151-af1e9ba643fc" testListId="8c84fa94-04c1-424b-9868-57a2d4851a1d" />
    <TestEntry testId="dcee8225-e9e6-f8d9-9ce7-e4ba20bf0fea" executionId="696e3c62-43db-4e89-ad4c-aa475e5b5149" testListId="8c84fa94-04c1-424b-9868-57a2d4851a1d" />
  </TestEntries>
  <TestLists>
    <TestList name="Resultados sin formato de lista" id="8c84fa94-04c1-424b-9868-57a2d4851a1d" />
    <TestList name="Todos los resultados cargados" id="19431567-8539-422a-85d7-44ee4e166bda" />
  </TestLists>
  <ResultSummary outcome="Completed">
    <Counters total="9" executed="9" passed="9" failed="0" error="0" timeout="0" aborted="0" inconclusive="0" passedButRunAborted="0" notRunnable="0" notExecuted="0" disconnected="0" warning="0" completed="0" inProgress="0" pending="0" />
    <Output>
      <StdOut>[xUnit.net 00:00:00.00] xUnit.net VSTest Adapter v2.5.6+bf9b858c26 (64-bit .NET 8.0.24)
[xUnit.net 00:00:00.10]   Discovering: ReservationService.Application.Tests
[xUnit.net 00:00:00.14]   Discovered:  ReservationService.Application.Tests
[xUnit.net 00:00:00.14]   Starting:    ReservationService.Application.Tests
[xUnit.net 00:00:00.39]   Finished:    ReservationService.Application.Tests
</StdOut>
    </Output>
  </ResultSummary>
</TestRun>