<?xml version="1.0" encoding="utf-8"?>
<TestRun id="412fb663-0d26-44fa-81f3-f23ebd44acf9" name="@runnervm0kj6c 2026-03-09 05:36:19" xmlns="http://microsoft.com/schemas/VisualStudio/TeamTest/2010">
  <Times creation="2026-03-09T05:36:19.4328763+00:00" queuing="2026-03-09T05:36:19.4328764+00:00" start="2026-03-09T05:36:15.1022897+00:00" finish="2026-03-09T05:36:19.4379255+00:00" />
  <TestSettings name="default" id="5862b9a9-184b-4bcd-9b48-d0515735771e">
    <Deployment runDeploymentRoot="_runnervm0kj6c_2026-03-09_05_36_19" />
  </TestSettings>
  <Results>
    <UnitTestResult executionId="6d585918-c47a-4fde-a51c-6228ea76a3b1" testId="813e3c7e-f107-f398-cb9c-ba722c6057fc" testName="POST /api/tickets/bulk con Quantity=9999 → 400 Bad Request" computerName="runnervm0kj6c" duration="00:00:00.0015031" startTime="2026-03-09T05:36:19.3462662+00:00" endTime="2026-03-09T05:36:19.3462664+00:00" testType="13cdc9d9-ddb5-4fa4-a97d-d965ccfc6d4b" outcome="Passed" testListId="8c84fa94-04c1-424b-9868-57a2d4851a1d" relativeResultsDirectory="6d585918-c47a-4fde-a51c-6228ea76a3b1" />
    <UnitTestResult executionId="25902516-bef4-426d-9363-81797cb9511e" testId="ce77826c-3419-7c80-cd79-c4b8ea85f4aa" testName="GET /health → 200 OK con campo status=healthy" computerName="runnervm0kj6c" duration="00:00:00.0058323" startTime="2026-03-09T05:36:19.3354371+00:00" endTime="2026-03-09T05:36:19.3354372+00:00" testType="13cdc9d9-ddb5-4fa4-a97d-d965ccfc6d4b" outcome="Passed" testListId="8c84fa94-04c1-424b-9868-57a2d4851a1d" relativeResultsDirectory="25902516-bef4-426d-9363-81797cb9511e" />
    <UnitTestResult executionId="a95e74b1-8d42-4e3c-b3ba-b9221da652e9" testId="9f9cda4c-f1ab-285a-35bf-2f597a37273e" testName="POST /api/tickets/bulk con EventId=0 → 400 Bad Request" computerName="runnervm0kj6c" duration="00:00:00.0013597" startTime="2026-03-09T05:36:19.3477301+00:00" endTime="2026-03-09T05:36:19.3477302+00:00" testType="13cdc9d9-ddb5-4fa4-a97d-d965ccfc6d4b" outcome="Passed" testListId="8c84fa94-04c1-424b-9868-57a2d4851a1d" relativeResultsDirectory="a95e74b1-8d42-4e3c-b3ba-b9221da652e9" />
    <UnitTestResult executionId="ca5971bb-3e84-448e-bc56-0337c3f0c9b8" testId="5553e36d-37fd-a839-96dd-133ecc113c84" testName="GET /api/tickets/event/{eventId} → 200 OK con lista de tickets" computerName="runnervm0kj6c" duration="00:00:00.0091162" startTime="2026-03-09T05:36:19.3446717+00:00" endTime="2026-03-09T05:36:19.3446719+00:00" testType="13cdc9d9-ddb5-4fa4-a97d-d965ccfc6d4b" outcome="Passed" testListId="8c84fa94-04c1-424b-9868-57a2d4851a1d" relativeResultsDirectory="ca5971bb-3e84-448e-bc56-0337c3f0c9b8" />
    <UnitTestResult executionId="aa5038cf-013b-4657-8a9b-30b7fa59d79d" testId="9218e42d-1703-cc6b-564e-9efc4df19f78" testName="PUT /api/tickets/{id}/status con NewStatus vacío → 400 Bad Request" computerName="runnervm0kj6c" duration="00:00:00.0125679" startTime="2026-03-09T05:36:19.2977305+00:00" endTime="2026-03-09T05:36:19.2977306+00:00" testType="13cdc9d9-ddb5-4fa4-a97d-d965ccfc6d4b" outcome="Passed" testListId="8c84fa94-04c1-424b-9868-57a2d4851a1d" relativeResultsDirectory="aa5038cf-013b-4657-8a9b-30b7fa59d79d" />
    <UnitTestResult executionId="b5405cbf-05f0-42fb-bc70-7b89d81873db" testId="f023f757-bf22-0305-b068-86924859a6d6" testName="POST /api/tickets/bulk con Quantity=0 → 400 Bad Request" computerName="runnervm0kj6c" duration="00:00:01.4867946" startTime="2026-03-09T05:36:19.2841528+00:00" endTime="2026-03-09T05:36:19.2841711+00:00" testType="13cdc9d9-ddb5-4fa4-a97d-d965ccfc6d4b" outcome="Passed" testListId="8c84fa94-04c1-424b-9868-57a2d4851a1d" relativeResultsDirectory="b5405cbf-05f0-42fb-bc70-7b89d81873db" />
    <UnitTestResult executionId="1d5b2bd8-0209-4e83-a11e-760da4a25a33" testId="54539f25-4a55-a4fb-7a67-be7badc63581" testName="GET /api/tickets/{id} cuando existe → 200 OK con JSON del ticket" computerName="runnervm0kj6c" duration="00:00:00.0125898" startTime="2026-03-09T05:36:19.3294569+00:00" endTime="2026-03-09T05:36:19.3294570+00:00" testType="13cdc9d9-ddb5-4fa4-a97d-d965ccfc6d4b" outcome="Passed" testListId="8c84fa94-04c1-424b-9868-57a2d4851a1d" relativeResultsDirectory="1d5b2bd8-0209-4e83-a11e-760da4a25a33" />
    <UnitTestResult executionId="f0332e91-dd36-4b75-93ea-0bb884d7e8ab" testId="b452dc76-c281-1c01-9f70-de464282ca02" testName="GET /api/tickets/health → 200 OK (health del controlador)" computerName="runnervm0kj6c" duration="00:00:00.0022346" startTime="2026-03-09T05:36:19.3500847+00:00" endTime="2026-03-09T05:36:19.3500848+00:00" testType="13cdc9d9-ddb5-4fa4-a97d-d965ccfc6d4b" outcome="Passed" testListId="8c84fa94-04c1-424b-9868-57a2d4851a1d" relativeResultsDirectory="f0332e91-dd36-4b75-93ea-0bb884d7e8ab" />
    <UnitTestResult executionId="5212bdb3-1169-4856-88fc-d0c27a86df26" testId="8cc6bd10-cb21-6393-ac25-e8d0d14a4412" testName="GET /api/tickets/{id} cuando el ticket no existe → 404 Not Found" computerName="runnervm0kj6c" duration="00:00:00.0189045" startTime="2026-03-09T05:36:19.3167289+00:00" endTime="2026-03-09T05:36:19.3167290+00:00" testType="13cdc9d9-ddb5-4fa4-a97d-d965ccfc6d4b" outcome="Passed" testListId="8c84fa94-04c1-424b-9868-57a2d4851a1d" relativeResultsDirectory="5212bdb3-1169-4856-88fc-d0c27a86df26" />
  </Results>
  <TestDefinitions>
    <UnitTest name="GET /api/tickets/health → 200 OK (health del controlador)" storage="/home/runner/work/ticketing_project_week1/ticketing_project_week1/crud_service/tests/crudservice.api.tests/bin/release/net8.0/crudservice.api.tests.dll" id="b452dc76-c281-1c01-9f70-de464282ca02">
      <Execution id="f0332e91-dd36-4b75-93ea-0bb884d7e8ab" />
      <TestMethod codeBase="/home/runner/work/ticketing_project_week1/ticketing_project_week1/crud_service/tests/CrudService.Api.Tests/bin/Release/net8.0/CrudService.Api.Tests.dll" adapterTypeName="executor://xunit/VsTestRunner2/netcoreapp" className="CrudService.Api.Tests.TicketsApiBlackBoxTests" name="GetTicketsControllerHealth_ReturnsOk" />
    </UnitTest>
    <UnitTest name="GET /api/tickets/{id} cuando existe → 200 OK con JSON del ticket" storage="/home/runner/work/ticketing_project_week1/ticketing_project_week1/crud_service/tests/crudservice.api.tests/bin/release/net8.0/crudservice.api.tests.dll" id="54539f25-4a55-a4fb-7a67-be7badc63581">
      <Execution id="1d5b2bd8-0209-4e83-a11e-760da4a25a33" />
      <TestMethod codeBase="/home/runner/work/ticketing_project_week1/ticketing_project_week1/crud_service/tests/CrudService.Api.Tests/bin/Release/net8.0/CrudService.Api.Tests.dll" adapterTypeName="executor://xunit/VsTestRunner2/netcoreapp" className="CrudService.Api.Tests.TicketsApiBlackBoxTests" name="GetTicket_WhenExists_ReturnsOkWithTicketJson" />
    </UnitTest>
    <UnitTest name="GET /api/tickets/event/{eventId} → 200 OK con lista de tickets" storage="/home/runner/work/ticketing_project_week1/ticketing_project_week1/crud_service/tests/crudservice.api.tests/bin/release/net8.0/crudservice.api.tests.dll" id="5553e36d-37fd-a839-96dd-133ecc113c84">
      <Execution id="ca5971bb-3e84-448e-bc56-0337c3f0c9b8" />
      <TestMethod codeBase="/home/runner/work/ticketing_project_week1/ticketing_project_week1/crud_service/tests/CrudService.Api.Tests/bin/Release/net8.0/CrudService.Api.Tests.dll" adapterTypeName="executor://xunit/VsTestRunner2/netcoreapp" className="CrudService.Api.Tests.TicketsApiBlackBoxTests" name="GetTicketsByEvent_ReturnsOkWithList" />
    </UnitTest>
    <UnitTest name="POST /api/tickets/bulk con EventId=0 → 400 Bad Request" storage="/home/runner/work/ticketing_project_week1/ticketing_project_week1/crud_service/tests/crudservice.api.tests/bin/release/net8.0/crudservice.api.tests.dll" id="9f9cda4c-f1ab-285a-35bf-2f597a37273e">
      <Execution id="a95e74b1-8d42-4e3c-b3ba-b9221da652e9" />
      <TestMethod codeBase="/home/runner/work/ticketing_project_week1/ticketing_project_week1/crud_service/tests/CrudService.Api.Tests/bin/Release/net8.0/CrudService.Api.Tests.dll" adapterTypeName="executor://xunit/VsTestRunner2/netcoreapp" className="CrudService.Api.Tests.TicketsApiBlackBoxTests" name="CreateTicketsBulk_WithInvalidEventId_ReturnsBadRequest" />
    </UnitTest>
    <UnitTest name="POST /api/tickets/bulk con Quantity=9999 → 400 Bad Request" storage="/home/runner/work/ticketing_project_week1/ticketing_project_week1/crud_service/tests/crudservice.api.tests/bin/release/net8.0/crudservice.api.tests.dll" id="813e3c7e-f107-f398-cb9c-ba722c6057fc">
      <Execution id="6d585918-c47a-4fde-a51c-6228ea76a3b1" />
      <TestMethod codeBase="/home/runner/work/ticketing_project_week1/ticketing_project_week1/crud_service/tests/CrudService.Api.Tests/bin/Release/net8.0/CrudService.Api.Tests.dll" adapterTypeName="executor://xunit/VsTestRunner2/netcoreapp" className="CrudService.Api.Tests.TicketsApiBlackBoxTests" name="CreateTicketsBulk_WithExcessiveQuantity_ReturnsBadRequest" />
    </UnitTest>
    <UnitTest name="GET /api/tickets/{id} cuando el ticket no existe → 404 Not Found" storage="/home/runner/work/ticketing_project_week1/ticketing_project_week1/crud_service/tests/crudservice.api.tests/bin/release/net8.0/crudservice.api.tests.dll" id="8cc6bd10-cb21-6393-ac25-e8d0d14a4412">
      <Execution id="5212bdb3-1169-4856-88fc-d0c27a86df26" />
      <TestMethod codeBase="/home/runner/work/ticketing_project_week1/ticketing_project_week1/crud_service/tests/CrudService.Api.Tests/bin/Release/net8.0/CrudService.Api.Tests.dll" adapterTypeName="executor://xunit/VsTestRunner2/netcoreapp" className="CrudService.Api.Tests.TicketsApiBlackBoxTests" name="GetTicket_WhenNotFound_Returns404" />
    </UnitTest>
    <UnitTest name="GET /health → 200 OK con campo status=healthy" storage="/home/runner/work/ticketing_project_week1/ticketing_project_week1/crud_service/tests/crudservice.api.tests/bin/release/net8.0/crudservice.api.tests.dll" id="ce77826c-3419-7c80-cd79-c4b8ea85f4aa">
      <Execution id="25902516-bef4-426d-9363-81797cb9511e" />
      <TestMethod codeBase="/home/runner/work/ticketing_project_week1/ticketing_project_week1/crud_service/tests/CrudService.Api.Tests/bin/Release/net8.0/CrudService.Api.Tests.dll" adapterTypeName="executor://xunit/VsTestRunner2/netcoreapp" className="CrudService.Api.Tests.TicketsApiBlackBoxTests" name="GetHealth_ReturnsOkWithHealthyStatus" />
    </UnitTest>
    <UnitTest name="PUT /api/tickets/{id}/status con NewStatus vacío → 400 Bad Request" storage="/home/runner/work/ticketing_project_week1/ticketing_project_week1/crud_service/tests/crudservice.api.tests/bin/release/net8.0/crudservice.api.tests.dll" id="9218e42d-1703-cc6b-564e-9efc4df19f78">
      <Execution id="aa5038cf-013b-4657-8a9b-30b7fa59d79d" />
      <TestMethod codeBase="/home/runner/work/ticketing_project_week1/ticketing_project_week1/crud_service/tests/CrudService.Api.Tests/bin/Release/net8.0/CrudService.Api.Tests.dll" adapterTypeName="executor://xunit/VsTestRunner2/netcoreapp" className="CrudService.Api.Tests.TicketsApiBlackBoxTests" name="UpdateTicketStatus_WithEmptyStatus_ReturnsBadRequest" />
    </UnitTest>
    <UnitTest name="POST /api/tickets/bulk con Quantity=0 → 400 Bad Request" storage="/home/runner/work/ticketing_project_week1/ticketing_project_week1/crud_service/tests/crudservice.api.tests/bin/release/net8.0/crudservice.api.tests.dll" id="f023f757-bf22-0305-b068-86924859a6d6">
      <Execution id="b5405cbf-05f0-42fb-bc70-7b89d81873db" />
      <TestMethod codeBase="/home/runner/work/ticketing_project_week1/ticketing_project_week1/crud_service/tests/CrudService.Api.Tests/bin/Release/net8.0/CrudService.Api.Tests.dll" adapterTypeName="executor://xunit/VsTestRunner2/netcoreapp" className="CrudService.Api.Tests.TicketsApiBlackBoxTests" name="CreateTicketsBulk_WithZeroQuantity_ReturnsBadRequest" />
    </UnitTest>
  </TestDefinitions>
  <TestEntries>
    <TestEntry testId="813e3c7e-f107-f398-cb9c-ba722c6057fc" executionId="6d585918-c47a-4fde-a51c-6228ea76a3b1" testListId="8c84fa94-04c1-424b-9868-57a2d4851a1d" />
    <TestEntry testId="ce77826c-3419-7c80-cd79-c4b8ea85f4aa" executionId="25902516-bef4-426d-9363-81797cb9511e" testListId="8c84fa94-04c1-424b-9868-57a2d4851a1d" />
    <TestEntry testId="9f9cda4c-f1ab-285a-35bf-2f597a37273e" executionId="a95e74b1-8d42-4e3c-b3ba-b9221da652e9" testListId="8c84fa94-04c1-424b-9868-57a2d4851a1d" />
    <TestEntry testId="5553e36d-37fd-a839-96dd-133ecc113c84" executionId="ca5971bb-3e84-448e-bc56-0337c3f0c9b8" testListId="8c84fa94-04c1-424b-9868-57a2d4851a1d" />
    <TestEntry testId="9218e42d-1703-cc6b-564e-9efc4df19f78" executionId="aa5038cf-013b-4657-8a9b-30b7fa59d79d" testListId="8c84fa94-04c1-424b-9868-57a2d4851a1d" />
    <TestEntry testId="f023f757-bf22-0305-b068-86924859a6d6" executionId="b5405cbf-05f0-42fb-bc70-7b89d81873db" testListId="8c84fa94-04c1-424b-9868-57a2d4851a1d" />
    <TestEntry testId="54539f25-4a55-a4fb-7a67-be7badc63581" executionId="1d5b2bd8-0209-4e83-a11e-760da4a25a33" testListId="8c84fa94-04c1-424b-9868-57a2d4851a1d" />
    <TestEntry testId="b452dc76-c281-1c01-9f70-de464282ca02" executionId="f0332e91-dd36-4b75-93ea-0bb884d7e8ab" testListId="8c84fa94-04c1-424b-9868-57a2d4851a1d" />
    <TestEntry testId="8cc6bd10-cb21-6393-ac25-e8d0d14a4412" executionId="5212bdb3-1169-4856-88fc-d0c27a86df26" testListId="8c84fa94-04c1-424b-9868-57a2d4851a1d" />
  </TestEntries>
  <TestLists>
    <TestList name="Results Not in a List" id="8c84fa94-04c1-424b-9868-57a2d4851a1d" />
    <TestList name="All Loaded Results" id="19431567-8539-422a-85d7-44ee4e166bda" />
  </TestLists>
  <ResultSummary outcome="Completed">
    <Counters total="9" executed="9" passed="9" failed="0" error="0" timeout="0" aborted="0" inconclusive="0" passedButRunAborted="0" notRunnable="0" notExecuted="0" disconnected="0" warning="0" completed="0" inProgress="0" pending="0" />
    <Output>
      <StdOut>[xUnit.net 00:00:00.00] xUnit.net VSTest Adapter v2.5.6+bf9b858c26 (64-bit .NET 8.0.24)
[xUnit.net 00:00:00.17]   Discovering: CrudService.Api.Tests
[xUnit.net 00:00:00.42]   Discovered:  CrudService.Api.Tests
[xUnit.net 00:00:00.42]   Starting:    CrudService.Api.Tests
warn: Microsoft.AspNetCore.HttpsPolicy.HttpsRedirectionMiddleware[3]
      Failed to determine the https port for redirect.
[xUnit.net 00:00:02.10]   Finished:    CrudService.Api.Tests
</StdOut>
    </Output>
  </ResultSummary>
</TestRun>