<?xml version="1.0" encoding="utf-8"?>
<TestRun id="30ef67e6-2897-4cd2-a3a3-96f55f081b63" name="@runnervm0kj6c 2026-03-09 05:36:16" xmlns="http://microsoft.com/schemas/VisualStudio/TeamTest/2010">
  <Times creation="2026-03-09T05:36:16.7459858+00:00" queuing="2026-03-09T05:36:16.7459859+00:00" start="2026-03-09T05:36:15.7706515+00:00" finish="2026-03-09T05:36:16.7539045+00:00" />
  <TestSettings name="default" id="579dd2ff-30d3-4066-92fe-fb0a5b0be81b">
    <Deployment runDeploymentRoot="_runnervm0kj6c_2026-03-09_05_36_16" />
  </TestSettings>
  <Results>
    <UnitTestResult executionId="b3786815-35e1-4f15-8d8f-5fdcaabd08b5" testId="f2694bac-02a9-aaaf-2c6d-55c960992c2a" testName="Producer.Application.Tests.UseCases.RequestPayment.RequestPaymentCommandHandlerTests.HandleAsync_ShouldPublishPaymentRequestedEventWithMappedFields" computerName="runnervm0kj6c" duration="00:00:00.0127949" startTime="2026-03-09T05:36:16.6013241+00:00" endTime="2026-03-09T05:36:16.6013242+00:00" testType="13cdc9d9-ddb5-4fa4-a97d-d965ccfc6d4b" outcome="Passed" testListId="8c84fa94-04c1-424b-9868-57a2d4851a1d" relativeResultsDirectory="b3786815-35e1-4f15-8d8f-5fdcaabd08b5" />
    <UnitTestResult executionId="70f96fb2-6b11-4adb-b02a-124232f81e15" testId="dc2f855c-95e2-ace1-4847-677e43e06926" testName="Producer.Application.Tests.UseCases.RequestPayment.RequestPaymentCommandHandlerTests.HandleAsync_ShouldGenerateTransactionRef_WhenCommandTransactionRefIsNull" computerName="runnervm0kj6c" duration="00:00:00.1201313" startTime="2026-03-09T05:36:16.5885681+00:00" endTime="2026-03-09T05:36:16.5886049+00:00" testType="13cdc9d9-ddb5-4fa4-a97d-d965ccfc6d4b" outcome="Passed" testListId="8c84fa94-04c1-424b-9868-57a2d4851a1d" relativeResultsDirectory="70f96fb2-6b11-4adb-b02a-124232f81e15" />
    <UnitTestResult executionId="25f5e597-963c-41a6-b356-2c5d31373c37" testId="8fa38642-8c42-6bc5-d579-90e22b97d1e8" testName="Producer.Application.Tests.UseCases.ReserveTicket.ReserveTicketCommandHandlerTests.HandleAsync_ShouldPublishTicketReservedEventWithMappedFields" computerName="runnervm0kj6c" duration="00:00:00.1178602" startTime="2026-03-09T05:36:16.5978263+00:00" endTime="2026-03-09T05:36:16.5978264+00:00" testType="13cdc9d9-ddb5-4fa4-a97d-d965ccfc6d4b" outcome="Passed" testListId="8c84fa94-04c1-424b-9868-57a2d4851a1d" relativeResultsDirectory="25f5e597-963c-41a6-b356-2c5d31373c37" />
  </Results>
  <TestDefinitions>
    <UnitTest name="Producer.Application.Tests.UseCases.ReserveTicket.ReserveTicketCommandHandlerTests.HandleAsync_ShouldPublishTicketReservedEventWithMappedFields" storage="/home/runner/work/ticketing_project_week1/ticketing_project_week1/producer/tests/producer.application.tests/bin/release/net8.0/producer.application.tests.dll" id="8fa38642-8c42-6bc5-d579-90e22b97d1e8">
      <Execution id="25f5e597-963c-41a6-b356-2c5d31373c37" />
      <TestMethod codeBase="/home/runner/work/ticketing_project_week1/ticketing_project_week1/producer/tests/Producer.Application.Tests/bin/Release/net8.0/Producer.Application.Tests.dll" adapterTypeName="executor://xunit/VsTestRunner2/netcoreapp" className="Producer.Application.Tests.UseCases.ReserveTicket.ReserveTicketCommandHandlerTests" name="HandleAsync_ShouldPublishTicketReservedEventWithMappedFields" />
    </UnitTest>
    <UnitTest name="Producer.Application.Tests.UseCases.RequestPayment.RequestPaymentCommandHandlerTests.HandleAsync_ShouldGenerateTransactionRef_WhenCommandTransactionRefIsNull" storage="/home/runner/work/ticketing_project_week1/ticketing_project_week1/producer/tests/producer.application.tests/bin/release/net8.0/producer.application.tests.dll" id="dc2f855c-95e2-ace1-4847-677e43e06926">
      <Execution id="70f96fb2-6b11-4adb-b02a-124232f81e15" />
      <TestMethod codeBase="/home/runner/work/ticketing_project_week1/ticketing_project_week1/producer/tests/Producer.Application.Tests/bin/Release/net8.0/Producer.Application.Tests.dll" adapterTypeName="executor://xunit/VsTestRunner2/netcoreapp" className="Producer.Application.Tests.UseCases.RequestPayment.RequestPaymentCommandHandlerTests" name="HandleAsync_ShouldGenerateTransactionRef_WhenCommandTransactionRefIsNull" />
    </UnitTest>
    <UnitTest name="Producer.Application.Tests.UseCases.RequestPayment.RequestPaymentCommandHandlerTests.HandleAsync_ShouldPublishPaymentRequestedEventWithMappedFields" storage="/home/runner/work/ticketing_project_week1/ticketing_project_week1/producer/tests/producer.application.tests/bin/release/net8.0/producer.application.tests.dll" id="f2694bac-02a9-aaaf-2c6d-55c960992c2a">
      <Execution id="b3786815-35e1-4f15-8d8f-5fdcaabd08b5" />
      <TestMethod codeBase="/home/runner/work/ticketing_project_week1/ticketing_project_week1/producer/tests/Producer.Application.Tests/bin/Release/net8.0/Producer.Application.Tests.dll" adapterTypeName="executor://xunit/VsTestRunner2/netcoreapp" className="Producer.Application.Tests.UseCases.RequestPayment.RequestPaymentCommandHandlerTests" name="HandleAsync_ShouldPublishPaymentRequestedEventWithMappedFields" />
    </UnitTest>
  </TestDefinitions>
  <TestEntries>
    <TestEntry testId="f2694bac-02a9-aaaf-2c6d-55c960992c2a" executionId="b3786815-35e1-4f15-8d8f-5fdcaabd08b5" testListId="8c84fa94-04c1-424b-9868-57a2d4851a1d" />
    <TestEntry testId="dc2f855c-95e2-ace1-4847-677e43e06926" executionId="70f96fb2-6b11-4adb-b02a-124232f81e15" testListId="8c84fa94-04c1-424b-9868-57a2d4851a1d" />
    <TestEntry testId="8fa38642-8c42-6bc5-d579-90e22b97d1e8" executionId="25f5e597-963c-41a6-b356-2c5d31373c37" testListId="8c84fa94-04c1-424b-9868-57a2d4851a1d" />
  </TestEntries>
  <TestLists>
    <TestList name="Results Not in a List" id="8c84fa94-04c1-424b-9868-57a2d4851a1d" />
    <TestList name="All Loaded Results" id="19431567-8539-422a-85d7-44ee4e166bda" />
  </TestLists>
  <ResultSummary outcome="Completed">
    <Counters total="3" executed="3" passed="3" failed="0" error="0" timeout="0" aborted="0" inconclusive="0" passedButRunAborted="0" notRunnable="0" notExecuted="0" disconnected="0" warning="0" completed="0" inProgress="0" pending="0" />
    <Output>
      <StdOut>[xUnit.net 00:00:00.00] xUnit.net VSTest Adapter v2.5.3.1+6b60a9e56a (64-bit .NET 8.0.24)
[xUnit.net 00:00:00.08]   Discovering: Producer.Application.Tests
[xUnit.net 00:00:00.11]   Discovered:  Producer.Application.Tests
[xUnit.net 00:00:00.12]   Starting:    Producer.Application.Tests
[xUnit.net 00:00:00.31]   Finished:    Producer.Application.Tests
</StdOut>
    </Output>
  </ResultSummary>
</TestRun>