<?xml version="1.0" encoding="utf-8"?>
<TestRun id="754c412c-a6f2-4ddf-9567-9c524126aeed" name="@runnervm0kj6c 2026-03-09 05:36:25" xmlns="http://microsoft.com/schemas/VisualStudio/TeamTest/2010">
  <Times creation="2026-03-09T05:36:25.0862519+00:00" queuing="2026-03-09T05:36:25.0862520+00:00" start="2026-03-09T05:36:22.6102878+00:00" finish="2026-03-09T05:36:25.2038648+00:00" />
  <TestSettings name="default" id="b9bb1091-2d41-41a3-8057-8a21e549df8e">
    <Deployment runDeploymentRoot="_runnervm0kj6c_2026-03-09_05_36_25" />
  </TestSettings>
  <Results>
    <UnitTestResult executionId="8a855e03-6eb3-4819-a467-7aa06d8e79bf" testId="2746dcd6-62d7-dc38-7231-d80d737e2a74" testName="MsPaymentService.Application.Tests.ProcessRejectedPaymentCommandHandlerTests.RejectedPayment_AlreadyReleased_ReturnsAlreadyProcessed" computerName="runnervm0kj6c" duration="00:00:00.0039140" startTime="2026-03-09T05:36:25.0656551+00:00" endTime="2026-03-09T05:36:25.0656551+00:00" testType="13cdc9d9-ddb5-4fa4-a97d-d965ccfc6d4b" outcome="Passed" testListId="8c84fa94-04c1-424b-9868-57a2d4851a1d" relativeResultsDirectory="8a855e03-6eb3-4819-a467-7aa06d8e79bf" />
    <UnitTestResult executionId="76df414d-455f-4604-80eb-7571de7f0eb1" testId="9ddf53c9-e95a-c11b-afc1-527f4ec93b78" testName="MsPaymentService.Application.Tests.PaymentApprovedEventHandlerTests.HandleAsync_InvalidJson_ThrowsJsonException" computerName="runnervm0kj6c" duration="00:00:00.0062185" startTime="2026-03-09T05:36:25.1150428+00:00" endTime="2026-03-09T05:36:25.1150429+00:00" testType="13cdc9d9-ddb5-4fa4-a97d-d965ccfc6d4b" outcome="Passed" testListId="8c84fa94-04c1-424b-9868-57a2d4851a1d" relativeResultsDirectory="76df414d-455f-4604-80eb-7571de7f0eb1" />
    <UnitTestResult executionId="92d4e747-90a3-48e3-8138-2769aec70cc5" testId="8d4db51d-48ff-a504-3159-ba8e1d74fe70" testName="MsPaymentService.Application.Tests.PaymentEventDispatcherImplTests.DispatchAsync_NoMatchingHandler_ReturnsNull" computerName="runnervm0kj6c" duration="00:00:00.0014996" startTime="2026-03-09T05:36:25.0354590+00:00" endTime="2026-03-09T05:36:25.0354591+00:00" testType="13cdc9d9-ddb5-4fa4-a97d-d965ccfc6d4b" outcome="Passed" testListId="8c84fa94-04c1-424b-9868-57a2d4851a1d" relativeResultsDirectory="92d4e747-90a3-48e3-8138-2769aec70cc5" />
    <UnitTestResult executionId="52472bce-2996-4cee-8923-20bcbb9a4552" testId="553050e4-c015-c838-e87e-7b90b30c2a20" testName="MsPaymentService.Application.Tests.PaymentEventDispatcherImplTests.DispatchAsync_MultipleHandlers_DispatchesToCorrectOne" computerName="runnervm0kj6c" duration="00:00:00.0027167" startTime="2026-03-09T05:36:25.0346455+00:00" endTime="2026-03-09T05:36:25.0346456+00:00" testType="13cdc9d9-ddb5-4fa4-a97d-d965ccfc6d4b" outcome="Passed" testListId="8c84fa94-04c1-424b-9868-57a2d4851a1d" relativeResultsDirectory="52472bce-2996-4cee-8923-20bcbb9a4552" />
    <UnitTestResult executionId="58178f09-2629-4f26-8c84-80703050417e" testId="2b2ece3a-624b-ef49-7380-5f9bd48eab2d" testName="MsPaymentService.Application.Tests.ProcessApprovedPaymentCommandHandlerTests.ApprovedPayment_TransitionFails_ReturnsFailure" computerName="runnervm0kj6c" duration="00:00:00.0013503" startTime="2026-03-09T05:36:25.0868386+00:00" endTime="2026-03-09T05:36:25.0868387+00:00" testType="13cdc9d9-ddb5-4fa4-a97d-d965ccfc6d4b" outcome="Passed" testListId="8c84fa94-04c1-424b-9868-57a2d4851a1d" relativeResultsDirectory="58178f09-2629-4f26-8c84-80703050417e" />
    <UnitTestResult executionId="9ff108a7-8bea-4398-bbdf-ff4192198759" testId="42e91c4a-5614-ec16-dcc1-8e678341ebd1" testName="MsPaymentService.Application.Tests.ProcessApprovedPaymentCommandHandlerTests.ApprovedPayment_AlreadyPaid_ReturnsAlreadyProcessed" computerName="runnervm0kj6c" duration="00:00:00.0008120" startTime="2026-03-09T05:36:25.0790712+00:00" endTime="2026-03-09T05:36:25.0790712+00:00" testType="13cdc9d9-ddb5-4fa4-a97d-d965ccfc6d4b" outcome="Passed" testListId="8c84fa94-04c1-424b-9868-57a2d4851a1d" relativeResultsDirectory="9ff108a7-8bea-4398-bbdf-ff4192198759" />
    <UnitTestResult executionId="e796f9e8-ed4d-47b4-81d5-be5ec3435f73" testId="c6233e2a-aef9-9b47-6a3e-7816eab08e5b" testName="MsPaymentService.Application.Tests.ProcessApprovedPaymentCommandHandlerTests.ApprovedPayment_NullReservedAt_TransitionsToReleased" computerName="runnervm0kj6c" duration="00:00:00.0089767" startTime="2026-03-09T05:36:25.0867676+00:00" endTime="2026-03-09T05:36:25.0867677+00:00" testType="13cdc9d9-ddb5-4fa4-a97d-d965ccfc6d4b" outcome="Passed" testListId="8c84fa94-04c1-424b-9868-57a2d4851a1d" relativeResultsDirectory="e796f9e8-ed4d-47b4-81d5-be5ec3435f73" />
    <UnitTestResult executionId="4fd38344-bc7d-4487-a5b1-f276dadbf039" testId="a379643e-8a2e-040c-b9a7-e20ff4c9ca8a" testName="MsPaymentService.Application.Tests.PaymentApprovedEventHandlerTests.HandleAsync_NullDeserialization_ReturnsFailure" computerName="runnervm0kj6c" duration="00:00:00.2229420" startTime="2026-03-09T05:36:25.0980382+00:00" endTime="2026-03-09T05:36:25.0980385+00:00" testType="13cdc9d9-ddb5-4fa4-a97d-d965ccfc6d4b" outcome="Passed" testListId="8c84fa94-04c1-424b-9868-57a2d4851a1d" relativeResultsDirectory="4fd38344-bc7d-4487-a5b1-f276dadbf039" />
    <UnitTestResult executionId="65caffd1-e4bc-4c9d-9c44-0a0af46d3517" testId="ecfd7f58-3ae1-7798-4728-659686ffbe57" testName="MsPaymentService.Application.Tests.ProcessApprovedPaymentCommandHandlerTests.IsWithinTimeLimit_PastWindow_ReturnsFalse" computerName="runnervm0kj6c" duration="00:00:00.0003467" startTime="2026-03-09T05:36:25.0382347+00:00" endTime="2026-03-09T05:36:25.0382349+00:00" testType="13cdc9d9-ddb5-4fa4-a97d-d965ccfc6d4b" outcome="Passed" testListId="8c84fa94-04c1-424b-9868-57a2d4851a1d" relativeResultsDirectory="65caffd1-e4bc-4c9d-9c44-0a0af46d3517" />
    <UnitTestResult executionId="f9935aff-a308-4108-ac45-065371c3bd7c" testId="f0fa5942-f5e5-8c8d-0d8d-8cca78f9f0ee" testName="MsPaymentService.Application.Tests.ProcessApprovedPaymentCommandHandlerTests.ApprovedPayment_ExistingPayment_DoesNotCreateNew" computerName="runnervm0kj6c" duration="00:00:00.1644991" startTime="2026-03-09T05:36:25.0373500+00:00" endTime="2026-03-09T05:36:25.0373502+00:00" testType="13cdc9d9-ddb5-4fa4-a97d-d965ccfc6d4b" outcome="Passed" testListId="8c84fa94-04c1-424b-9868-57a2d4851a1d" relativeResultsDirectory="f9935aff-a308-4108-ac45-065371c3bd7c" />
    <UnitTestResult executionId="ebebd156-7762-4263-806f-b6adb9443eb4" testId="71a127b9-eb6c-60e0-8599-25e232a969e1" testName="MsPaymentService.Application.Tests.ProcessApprovedPaymentCommandHandlerTests.ApprovedPayment_TicketNotFound_ReturnsFailure" computerName="runnervm0kj6c" duration="00:00:00.0008645" startTime="2026-03-09T05:36:25.0789844+00:00" endTime="2026-03-09T05:36:25.0789844+00:00" testType="13cdc9d9-ddb5-4fa4-a97d-d965ccfc6d4b" outcome="Passed" testListId="8c84fa94-04c1-424b-9868-57a2d4851a1d" relativeResultsDirectory="ebebd156-7762-4263-806f-b6adb9443eb4" />
    <UnitTestResult executionId="1d66dcef-4162-491c-ba8d-e0d3e4cc8be5" testId="9b006b44-2516-2b0a-eceb-466b0379ebce" testName="MsPaymentService.Application.Tests.ProcessApprovedPaymentCommandHandlerTests.ApprovedPayment_InvalidStatus_Available_ReturnsFailure" computerName="runnervm0kj6c" duration="00:00:00.0053278" startTime="2026-03-09T05:36:25.0655800+00:00" endTime="2026-03-09T05:36:25.0655801+00:00" testType="13cdc9d9-ddb5-4fa4-a97d-d965ccfc6d4b" outcome="Passed" testListId="8c84fa94-04c1-424b-9868-57a2d4851a1d" relativeResultsDirectory="1d66dcef-4162-491c-ba8d-e0d3e4cc8be5" />
    <UnitTestResult executionId="db06d093-6d73-4047-afd5-1c2dc114db94" testId="674b2015-1b42-5457-eb95-f48b587deed1" testName="MsPaymentService.Application.Tests.ProcessRejectedPaymentCommandHandlerTests.RejectedPayment_HappyPath_TransitionsToReleased" computerName="runnervm0kj6c" duration="00:00:00.0027048" startTime="2026-03-09T05:36:25.0657220+00:00" endTime="2026-03-09T05:36:25.0657220+00:00" testType="13cdc9d9-ddb5-4fa4-a97d-d965ccfc6d4b" outcome="Passed" testListId="8c84fa94-04c1-424b-9868-57a2d4851a1d" relativeResultsDirectory="db06d093-6d73-4047-afd5-1c2dc114db94" />
    <UnitTestResult executionId="7df269e4-3565-42ff-9820-5708271f46d1" testId="32e3c104-ec09-acd5-646b-5692c89dab85" testName="MsPaymentService.Application.Tests.PaymentEventDispatcherImplTests.DispatchAsync_MatchingHandler_DelegatesToHandler" computerName="runnervm0kj6c" duration="00:00:00.1410460" startTime="2026-03-09T05:36:25.0340718+00:00" endTime="2026-03-09T05:36:25.0340719+00:00" testType="13cdc9d9-ddb5-4fa4-a97d-d965ccfc6d4b" outcome="Passed" testListId="8c84fa94-04c1-424b-9868-57a2d4851a1d" relativeResultsDirectory="7df269e4-3565-42ff-9820-5708271f46d1" />
    <UnitTestResult executionId="3995a11f-f44d-4ed9-ae55-9e066f606128" testId="66d903f3-a399-1e5a-388b-2d9b2d4de644" testName="MsPaymentService.Application.Tests.PaymentApprovedEventHandlerTests.HandleAsync_ValidJson_ProcessesPaymentSuccessfully" computerName="runnervm0kj6c" duration="00:00:00.0112545" startTime="2026-03-09T05:36:25.1078095+00:00" endTime="2026-03-09T05:36:25.1078097+00:00" testType="13cdc9d9-ddb5-4fa4-a97d-d965ccfc6d4b" outcome="Passed" testListId="8c84fa94-04c1-424b-9868-57a2d4851a1d" relativeResultsDirectory="3995a11f-f44d-4ed9-ae55-9e066f606128" />
    <UnitTestResult executionId="0b2ce19b-8aa7-42a2-9218-e62c56767622" testId="5da73899-8ddc-c7eb-5ece-45f9c414e621" testName="MsPaymentService.Application.Tests.PaymentRejectedEventHandlerTests.HandleAsync_ValidJson_ProcessesRejectionSuccessfully" computerName="runnervm0kj6c" duration="00:00:00.0139587" startTime="2026-03-09T05:36:25.1074691+00:00" endTime="2026-03-09T05:36:25.1074691+00:00" testType="13cdc9d9-ddb5-4fa4-a97d-d965ccfc6d4b" outcome="Passed" testListId="8c84fa94-04c1-424b-9868-57a2d4851a1d" relativeResultsDirectory="0b2ce19b-8aa7-42a2-9218-e62c56767622" />
    <UnitTestResult executionId="a272fd11-9733-4438-8a40-41e8a190539b" testId="f00595b5-c936-0e85-edad-d058d8528c6b" testName="MsPaymentService.Application.Tests.PaymentApprovedEventHandlerTests.QueueName_ReturnsApprovedQueueName" computerName="runnervm0kj6c" duration="00:00:00.0003621" startTime="2026-03-09T05:36:25.0981711+00:00" endTime="2026-03-09T05:36:25.0981712+00:00" testType="13cdc9d9-ddb5-4fa4-a97d-d965ccfc6d4b" outcome="Passed" testListId="8c84fa94-04c1-424b-9868-57a2d4851a1d" relativeResultsDirectory="a272fd11-9733-4438-8a40-41e8a190539b" />
    <UnitTestResult executionId="9a7489c2-4ad0-4b35-ae86-779c696c1e58" testId="e4f356b6-a0e2-5a5c-ccef-8cf98c7fc180" testName="MsPaymentService.Application.Tests.ProcessApprovedPaymentCommandHandlerTests.ApprovedPayment_HappyPath_CreatesPaymentAndTransitions" computerName="runnervm0kj6c" duration="00:00:00.0157924" startTime="2026-03-09T05:36:25.0770398+00:00" endTime="2026-03-09T05:36:25.0770399+00:00" testType="13cdc9d9-ddb5-4fa4-a97d-d965ccfc6d4b" outcome="Passed" testListId="8c84fa94-04c1-424b-9868-57a2d4851a1d" relativeResultsDirectory="9a7489c2-4ad0-4b35-ae86-779c696c1e58" />
    <UnitTestResult executionId="8b907ace-e0f5-47c6-8c30-babcf8052e54" testId="c9c84df5-4bce-acea-9c8a-827abc8cb66b" testName="MsPaymentService.Application.Tests.ProcessApprovedPaymentCommandHandlerTests.IsWithinTimeLimit_WithinWindow_ReturnsTrue" computerName="runnervm0kj6c" duration="00:00:00.0016230" startTime="2026-03-09T05:36:25.0632495+00:00" endTime="2026-03-09T05:36:25.0632496+00:00" testType="13cdc9d9-ddb5-4fa4-a97d-d965ccfc6d4b" outcome="Passed" testListId="8c84fa94-04c1-424b-9868-57a2d4851a1d" relativeResultsDirectory="8b907ace-e0f5-47c6-8c30-babcf8052e54" />
    <UnitTestResult executionId="615ec8c8-c2b5-4f2d-a2d5-46a0a45fc63f" testId="b90ad053-7d81-f3af-3a6a-730533669588" testName="MsPaymentService.Application.Tests.PaymentRejectedEventHandlerTests.HandleAsync_NullDeserialization_ReturnsFailure" computerName="runnervm0kj6c" duration="00:00:00.0842490" startTime="2026-03-09T05:36:25.0980603+00:00" endTime="2026-03-09T05:36:25.0980603+00:00" testType="13cdc9d9-ddb5-4fa4-a97d-d965ccfc6d4b" outcome="Passed" testListId="8c84fa94-04c1-424b-9868-57a2d4851a1d" relativeResultsDirectory="615ec8c8-c2b5-4f2d-a2d5-46a0a45fc63f" />
    <UnitTestResult executionId="33681d5e-9b4f-44c5-8276-80fbb0c14c28" testId="37d661a8-c884-5594-ff95-fd684d02e4cb" testName="MsPaymentService.Application.Tests.ProcessApprovedPaymentCommandHandlerTests.IsWithinTimeLimit_ExactBoundary_ReturnsTrue" computerName="runnervm0kj6c" duration="00:00:00.0002970" startTime="2026-03-09T05:36:25.0771255+00:00" endTime="2026-03-09T05:36:25.0771255+00:00" testType="13cdc9d9-ddb5-4fa4-a97d-d965ccfc6d4b" outcome="Passed" testListId="8c84fa94-04c1-424b-9868-57a2d4851a1d" relativeResultsDirectory="33681d5e-9b4f-44c5-8276-80fbb0c14c28" />
    <UnitTestResult executionId="82ef2f3f-c019-45f6-a4b7-8e1e81fff5eb" testId="e5ca65e3-e917-e69c-fa9c-c3f159ebc96b" testName="MsPaymentService.Application.Tests.ProcessRejectedPaymentCommandHandlerTests.RejectedPayment_TransitionFails_ReturnsFailure" computerName="runnervm0kj6c" duration="00:00:00.0017024" startTime="2026-03-09T05:36:25.0644592+00:00" endTime="2026-03-09T05:36:25.0644593+00:00" testType="13cdc9d9-ddb5-4fa4-a97d-d965ccfc6d4b" outcome="Passed" testListId="8c84fa94-04c1-424b-9868-57a2d4851a1d" relativeResultsDirectory="82ef2f3f-c019-45f6-a4b7-8e1e81fff5eb" />
    <UnitTestResult executionId="62a5b260-81a2-4892-b583-04e57bbec831" testId="4739ceeb-4d0f-06dd-3cfa-0b915ae3b49e" testName="MsPaymentService.Application.Tests.ProcessRejectedPaymentCommandHandlerTests.RejectedPayment_TicketNotFound_ReturnsFailure" computerName="runnervm0kj6c" duration="00:00:00.0074781" startTime="2026-03-09T05:36:25.0643858+00:00" endTime="2026-03-09T05:36:25.0643859+00:00" testType="13cdc9d9-ddb5-4fa4-a97d-d965ccfc6d4b" outcome="Passed" testListId="8c84fa94-04c1-424b-9868-57a2d4851a1d" relativeResultsDirectory="62a5b260-81a2-4892-b583-04e57bbec831" />
    <UnitTestResult executionId="c1dd3f7d-2d83-44ad-99be-fbf006b81aca" testId="29786752-72de-d730-49e7-8a061593a917" testName="MsPaymentService.Application.Tests.PaymentRejectedEventHandlerTests.QueueName_ReturnsRejectedQueueName" computerName="runnervm0kj6c" duration="00:00:00.1283121" startTime="2026-03-09T05:36:25.0085016+00:00" endTime="2026-03-09T05:36:25.0085274+00:00" testType="13cdc9d9-ddb5-4fa4-a97d-d965ccfc6d4b" outcome="Passed" testListId="8c84fa94-04c1-424b-9868-57a2d4851a1d" relativeResultsDirectory="c1dd3f7d-2d83-44ad-99be-fbf006b81aca" />
    <UnitTestResult executionId="bd95c9de-cd9d-4d2e-b119-4f426c6f2b4c" testId="79bbd85c-c25e-622b-e44f-8eaf99806b08" testName="MsPaymentService.Application.Tests.ProcessApprovedPaymentCommandHandlerTests.ApprovedPayment_TtlExpired_TransitionsToReleased" computerName="runnervm0kj6c" duration="00:00:00.0071676" startTime="2026-03-09T05:36:25.0630842+00:00" endTime="2026-03-09T05:36:25.0630843+00:00" testType="13cdc9d9-ddb5-4fa4-a97d-d965ccfc6d4b" outcome="Passed" testListId="8c84fa94-04c1-424b-9868-57a2d4851a1d" relativeResultsDirectory="bd95c9de-cd9d-4d2e-b119-4f426c6f2b4c" />
  </Results>
  <TestDefinitions>
    <UnitTest name="MsPaymentService.Application.Tests.PaymentRejectedEventHandlerTests.HandleAsync_ValidJson_ProcessesRejectionSuccessfully" storage="/home/runner/work/ticketing_project_week1/ticketing_project_week1/paymentservice/tests/mspaymentservice.application.tests/bin/release/net8.0/mspaymentservice.application.tests.dll" id="5da73899-8ddc-c7eb-5ece-45f9c414e621">
      <Execution id="0b2ce19b-8aa7-42a2-9218-e62c56767622" />
      <TestMethod codeBase="/home/runner/work/ticketing_project_week1/ticketing_project_week1/paymentService/tests/MsPaymentService.Application.Tests/bin/Release/net8.0/MsPaymentService.Application.Tests.dll" adapterTypeName="executor://xunit/VsTestRunner2/netcoreapp" className="MsPaymentService.Application.Tests.PaymentRejectedEventHandlerTests" name="HandleAsync_ValidJson_ProcessesRejectionSuccessfully" />
    </UnitTest>
    <UnitTest name="MsPaymentService.Application.Tests.PaymentEventDispatcherImplTests.DispatchAsync_MatchingHandler_DelegatesToHandler" storage="/home/runner/work/ticketing_project_week1/ticketing_project_week1/paymentservice/tests/mspaymentservice.application.tests/bin/release/net8.0/mspaymentservice.application.tests.dll" id="32e3c104-ec09-acd5-646b-5692c89dab85">
      <Execution id="7df269e4-3565-42ff-9820-5708271f46d1" />
      <TestMethod codeBase="/home/runner/work/ticketing_project_week1/ticketing_project_week1/paymentService/tests/MsPaymentService.Application.Tests/bin/Release/net8.0/MsPaymentService.Application.Tests.dll" adapterTypeName="executor://xunit/VsTestRunner2/netcoreapp" className="MsPaymentService.Application.Tests.PaymentEventDispatcherImplTests" name="DispatchAsync_MatchingHandler_DelegatesToHandler" />
    </UnitTest>
    <UnitTest name="MsPaymentService.Application.Tests.ProcessApprovedPaymentCommandHandlerTests.ApprovedPayment_HappyPath_CreatesPaymentAndTransitions" storage="/home/runner/work/ticketing_project_week1/ticketing_project_week1/paymentservice/tests/mspaymentservice.application.tests/bin/release/net8.0/mspaymentservice.application.tests.dll" id="e4f356b6-a0e2-5a5c-ccef-8cf98c7fc180">
      <Execution id="9a7489c2-4ad0-4b35-ae86-779c696c1e58" />
      <TestMethod codeBase="/home/runner/work/ticketing_project_week1/ticketing_project_week1/paymentService/tests/MsPaymentService.Application.Tests/bin/Release/net8.0/MsPaymentService.Application.Tests.dll" adapterTypeName="executor://xunit/VsTestRunner2/netcoreapp" className="MsPaymentService.Application.Tests.ProcessApprovedPaymentCommandHandlerTests" name="ApprovedPayment_HappyPath_CreatesPaymentAndTransitions" />
    </UnitTest>
    <UnitTest name="MsPaymentService.Application.Tests.PaymentEventDispatcherImplTests.DispatchAsync_MultipleHandlers_DispatchesToCorrectOne" storage="/home/runner/work/ticketing_project_week1/ticketing_project_week1/paymentservice/tests/mspaymentservice.application.tests/bin/release/net8.0/mspaymentservice.application.tests.dll" id="553050e4-c015-c838-e87e-7b90b30c2a20">
      <Execution id="52472bce-2996-4cee-8923-20bcbb9a4552" />
      <TestMethod codeBase="/home/runner/work/ticketing_project_week1/ticketing_project_week1/paymentService/tests/MsPaymentService.Application.Tests/bin/Release/net8.0/MsPaymentService.Application.Tests.dll" adapterTypeName="executor://xunit/VsTestRunner2/netcoreapp" className="MsPaymentService.Application.Tests.PaymentEventDispatcherImplTests" name="DispatchAsync_MultipleHandlers_DispatchesToCorrectOne" />
    </UnitTest>
    <UnitTest name="MsPaymentService.Application.Tests.ProcessApprovedPaymentCommandHandlerTests.ApprovedPayment_TransitionFails_ReturnsFailure" storage="/home/runner/work/ticketing_project_week1/ticketing_project_week1/paymentservice/tests/mspaymentservice.application.tests/bin/release/net8.0/mspaymentservice.application.tests.dll" id="2b2ece3a-624b-ef49-7380-5f9bd48eab2d">
      <Execution id="58178f09-2629-4f26-8c84-80703050417e" />
      <TestMethod codeBase="/home/runner/work/ticketing_project_week1/ticketing_project_week1/paymentService/tests/MsPaymentService.Application.Tests/bin/Release/net8.0/MsPaymentService.Application.Tests.dll" adapterTypeName="executor://xunit/VsTestRunner2/netcoreapp" className="MsPaymentService.Application.Tests.ProcessApprovedPaymentCommandHandlerTests" name="ApprovedPayment_TransitionFails_ReturnsFailure" />
    </UnitTest>
    <UnitTest name="MsPaymentService.Application.Tests.ProcessApprovedPaymentCommandHandlerTests.ApprovedPayment_TicketNotFound_ReturnsFailure" storage="/home/runner/work/ticketing_project_week1/ticketing_project_week1/paymentservice/tests/mspaymentservice.application.tests/bin/release/net8.0/mspaymentservice.application.tests.dll" id="71a127b9-eb6c-60e0-8599-25e232a969e1">
      <Execution id="ebebd156-7762-4263-806f-b6adb9443eb4" />
      <TestMethod codeBase="/home/runner/work/ticketing_project_week1/ticketing_project_week1/paymentService/tests/MsPaymentService.Application.Tests/bin/Release/net8.0/MsPaymentService.Application.Tests.dll" adapterTypeName="executor://xunit/VsTestRunner2/netcoreapp" className="MsPaymentService.Application.Tests.ProcessApprovedPaymentCommandHandlerTests" name="ApprovedPayment_TicketNotFound_ReturnsFailure" />
    </UnitTest>
    <UnitTest name="MsPaymentService.Application.Tests.ProcessRejectedPaymentCommandHandlerTests.RejectedPayment_TicketNotFound_ReturnsFailure" storage="/home/runner/work/ticketing_project_week1/ticketing_project_week1/paymentservice/tests/mspaymentservice.application.tests/bin/release/net8.0/mspaymentservice.application.tests.dll" id="4739ceeb-4d0f-06dd-3cfa-0b915ae3b49e">
      <Execution id="62a5b260-81a2-4892-b583-04e57bbec831" />
      <TestMethod codeBase="/home/runner/work/ticketing_project_week1/ticketing_project_week1/paymentService/tests/MsPaymentService.Application.Tests/bin/Release/net8.0/MsPaymentService.Application.Tests.dll" adapterTypeName="executor://xunit/VsTestRunner2/netcoreapp" className="MsPaymentService.Application.Tests.ProcessRejectedPaymentCommandHandlerTests" name="RejectedPayment_TicketNotFound_ReturnsFailure" />
    </UnitTest>
    <UnitTest name="MsPaymentService.Application.Tests.PaymentApprovedEventHandlerTests.HandleAsync_InvalidJson_ThrowsJsonException" storage="/home/runner/work/ticketing_project_week1/ticketing_project_week1/paymentservice/tests/mspaymentservice.application.tests/bin/release/net8.0/mspaymentservice.application.tests.dll" id="9ddf53c9-e95a-c11b-afc1-527f4ec93b78">
      <Execution id="76df414d-455f-4604-80eb-7571de7f0eb1" />
      <TestMethod codeBase="/home/runner/work/ticketing_project_week1/ticketing_project_week1/paymentService/tests/MsPaymentService.Application.Tests/bin/Release/net8.0/MsPaymentService.Application.Tests.dll" adapterTypeName="executor://xunit/VsTestRunner2/netcoreapp" className="MsPaymentService.Application.Tests.PaymentApprovedEventHandlerTests" name="HandleAsync_InvalidJson_ThrowsJsonException" />
    </UnitTest>
    <UnitTest name="MsPaymentService.Application.Tests.PaymentRejectedEventHandlerTests.QueueName_ReturnsRejectedQueueName" storage="/home/runner/work/ticketing_project_week1/ticketing_project_week1/paymentservice/tests/mspaymentservice.application.tests/bin/release/net8.0/mspaymentservice.application.tests.dll" id="29786752-72de-d730-49e7-8a061593a917">
      <Execution id="c1dd3f7d-2d83-44ad-99be-fbf006b81aca" />
      <TestMethod codeBase="/home/runner/work/ticketing_project_week1/ticketing_project_week1/paymentService/tests/MsPaymentService.Application.Tests/bin/Release/net8.0/MsPaymentService.Application.Tests.dll" adapterTypeName="executor://xunit/VsTestRunner2/netcoreapp" className="MsPaymentService.Application.Tests.PaymentRejectedEventHandlerTests" name="QueueName_ReturnsRejectedQueueName" />
    </UnitTest>
    <UnitTest name="MsPaymentService.Application.Tests.ProcessApprovedPaymentCommandHandlerTests.IsWithinTimeLimit_WithinWindow_ReturnsTrue" storage="/home/runner/work/ticketing_project_week1/ticketing_project_week1/paymentservice/tests/mspaymentservice.application.tests/bin/release/net8.0/mspaymentservice.application.tests.dll" id="c9c84df5-4bce-acea-9c8a-827abc8cb66b">
      <Execution id="8b907ace-e0f5-47c6-8c30-babcf8052e54" />
      <TestMethod codeBase="/home/runner/work/ticketing_project_week1/ticketing_project_week1/paymentService/tests/MsPaymentService.Application.Tests/bin/Release/net8.0/MsPaymentService.Application.Tests.dll" adapterTypeName="executor://xunit/VsTestRunner2/netcoreapp" className="MsPaymentService.Application.Tests.ProcessApprovedPaymentCommandHandlerTests" name="IsWithinTimeLimit_WithinWindow_ReturnsTrue" />
    </UnitTest>
    <UnitTest name="MsPaymentService.Application.Tests.ProcessApprovedPaymentCommandHandlerTests.ApprovedPayment_TtlExpired_TransitionsToReleased" storage="/home/runner/work/ticketing_project_week1/ticketing_project_week1/paymentservice/tests/mspaymentservice.application.tests/bin/release/net8.0/mspaymentservice.application.tests.dll" id="79bbd85c-c25e-622b-e44f-8eaf99806b08">
      <Execution id="bd95c9de-cd9d-4d2e-b119-4f426c6f2b4c" />
      <TestMethod codeBase="/home/runner/work/ticketing_project_week1/ticketing_project_week1/paymentService/tests/MsPaymentService.Application.Tests/bin/Release/net8.0/MsPaymentService.Application.Tests.dll" adapterTypeName="executor://xunit/VsTestRunner2/netcoreapp" className="MsPaymentService.Application.Tests.ProcessApprovedPaymentCommandHandlerTests" name="ApprovedPayment_TtlExpired_TransitionsToReleased" />
    </UnitTest>
    <UnitTest name="MsPaymentService.Application.Tests.ProcessApprovedPaymentCommandHandlerTests.IsWithinTimeLimit_ExactBoundary_ReturnsTrue" storage="/home/runner/work/ticketing_project_week1/ticketing_project_week1/paymentservice/tests/mspaymentservice.application.tests/bin/release/net8.0/mspaymentservice.application.tests.dll" id="37d661a8-c884-5594-ff95-fd684d02e4cb">
      <Execution id="33681d5e-9b4f-44c5-8276-80fbb0c14c28" />
      <TestMethod codeBase="/home/runner/work/ticketing_project_week1/ticketing_project_week1/paymentService/tests/MsPaymentService.Application.Tests/bin/Release/net8.0/MsPaymentService.Application.Tests.dll" adapterTypeName="executor://xunit/VsTestRunner2/netcoreapp" className="MsPaymentService.Application.Tests.ProcessApprovedPaymentCommandHandlerTests" name="IsWithinTimeLimit_ExactBoundary_ReturnsTrue" />
    </UnitTest>
    <UnitTest name="MsPaymentService.Application.Tests.ProcessApprovedPaymentCommandHandlerTests.ApprovedPayment_InvalidStatus_Available_ReturnsFailure" storage="/home/runner/work/ticketing_project_week1/ticketing_project_week1/paymentservice/tests/mspaymentservice.application.tests/bin/release/net8.0/mspaymentservice.application.tests.dll" id="9b006b44-2516-2b0a-eceb-466b0379ebce">
      <Execution id="1d66dcef-4162-491c-ba8d-e0d3e4cc8be5" />
      <TestMethod codeBase="/home/runner/work/ticketing_project_week1/ticketing_project_week1/paymentService/tests/MsPaymentService.Application.Tests/bin/Release/net8.0/MsPaymentService.Application.Tests.dll" adapterTypeName="executor://xunit/VsTestRunner2/netcoreapp" className="MsPaymentService.Application.Tests.ProcessApprovedPaymentCommandHandlerTests" name="ApprovedPayment_InvalidStatus_Available_ReturnsFailure" />
    </UnitTest>
    <UnitTest name="MsPaymentService.Application.Tests.ProcessApprovedPaymentCommandHandlerTests.ApprovedPayment_AlreadyPaid_ReturnsAlreadyProcessed" storage="/home/runner/work/ticketing_project_week1/ticketing_project_week1/paymentservice/tests/mspaymentservice.application.tests/bin/release/net8.0/mspaymentservice.application.tests.dll" id="42e91c4a-5614-ec16-dcc1-8e678341ebd1">
      <Execution id="9ff108a7-8bea-4398-bbdf-ff4192198759" />
      <TestMethod codeBase="/home/runner/work/ticketing_project_week1/ticketing_project_week1/paymentService/tests/MsPaymentService.Application.Tests/bin/Release/net8.0/MsPaymentService.Application.Tests.dll" adapterTypeName="executor://xunit/VsTestRunner2/netcoreapp" className="MsPaymentService.Application.Tests.ProcessApprovedPaymentCommandHandlerTests" name="ApprovedPayment_AlreadyPaid_ReturnsAlreadyProcessed" />
    </UnitTest>
    <UnitTest name="MsPaymentService.Application.Tests.PaymentApprovedEventHandlerTests.QueueName_ReturnsApprovedQueueName" storage="/home/runner/work/ticketing_project_week1/ticketing_project_week1/paymentservice/tests/mspaymentservice.application.tests/bin/release/net8.0/mspaymentservice.application.tests.dll" id="f00595b5-c936-0e85-edad-d058d8528c6b">
      <Execution id="a272fd11-9733-4438-8a40-41e8a190539b" />
      <TestMethod codeBase="/home/runner/work/ticketing_project_week1/ticketing_project_week1/paymentService/tests/MsPaymentService.Application.Tests/bin/Release/net8.0/MsPaymentService.Application.Tests.dll" adapterTypeName="executor://xunit/VsTestRunner2/netcoreapp" className="MsPaymentService.Application.Tests.PaymentApprovedEventHandlerTests" name="QueueName_ReturnsApprovedQueueName" />
    </UnitTest>
    <UnitTest name="MsPaymentService.Application.Tests.ProcessApprovedPaymentCommandHandlerTests.ApprovedPayment_ExistingPayment_DoesNotCreateNew" storage="/home/runner/work/ticketing_project_week1/ticketing_project_week1/paymentservice/tests/mspaymentservice.application.tests/bin/release/net8.0/mspaymentservice.application.tests.dll" id="f0fa5942-f5e5-8c8d-0d8d-8cca78f9f0ee">
      <Execution id="f9935aff-a308-4108-ac45-065371c3bd7c" />
      <TestMethod codeBase="/home/runner/work/ticketing_project_week1/ticketing_project_week1/paymentService/tests/MsPaymentService.Application.Tests/bin/Release/net8.0/MsPaymentService.Application.Tests.dll" adapterTypeName="executor://xunit/VsTestRunner2/netcoreapp" className="MsPaymentService.Application.Tests.ProcessApprovedPaymentCommandHandlerTests" name="ApprovedPayment_ExistingPayment_DoesNotCreateNew" />
    </UnitTest>
    <UnitTest name="MsPaymentService.Application.Tests.ProcessApprovedPaymentCommandHandlerTests.ApprovedPayment_NullReservedAt_TransitionsToReleased" storage="/home/runner/work/ticketing_project_week1/ticketing_project_week1/paymentservice/tests/mspaymentservice.application.tests/bin/release/net8.0/mspaymentservice.application.tests.dll" id="c6233e2a-aef9-9b47-6a3e-7816eab08e5b">
      <Execution id="e796f9e8-ed4d-47b4-81d5-be5ec3435f73" />
      <TestMethod codeBase="/home/runner/work/ticketing_project_week1/ticketing_project_week1/paymentService/tests/MsPaymentService.Application.Tests/bin/Release/net8.0/MsPaymentService.Application.Tests.dll" adapterTypeName="executor://xunit/VsTestRunner2/netcoreapp" className="MsPaymentService.Application.Tests.ProcessApprovedPaymentCommandHandlerTests" name="ApprovedPayment_NullReservedAt_TransitionsToReleased" />
    </UnitTest>
    <UnitTest name="MsPaymentService.Application.Tests.ProcessRejectedPaymentCommandHandlerTests.RejectedPayment_AlreadyReleased_ReturnsAlreadyProcessed" storage="/home/runner/work/ticketing_project_week1/ticketing_project_week1/paymentservice/tests/mspaymentservice.application.tests/bin/release/net8.0/mspaymentservice.application.tests.dll" id="2746dcd6-62d7-dc38-7231-d80d737e2a74">
      <Execution id="8a855e03-6eb3-4819-a467-7aa06d8e79bf" />
      <TestMethod codeBase="/home/runner/work/ticketing_project_week1/ticketing_project_week1/paymentService/tests/MsPaymentService.Application.Tests/bin/Release/net8.0/MsPaymentService.Application.Tests.dll" adapterTypeName="executor://xunit/VsTestRunner2/netcoreapp" className="MsPaymentService.Application.Tests.ProcessRejectedPaymentCommandHandlerTests" name="RejectedPayment_AlreadyReleased_ReturnsAlreadyProcessed" />
    </UnitTest>
    <UnitTest name="MsPaymentService.Application.Tests.PaymentEventDispatcherImplTests.DispatchAsync_NoMatchingHandler_ReturnsNull" storage="/home/runner/work/ticketing_project_week1/ticketing_project_week1/paymentservice/tests/mspaymentservice.application.tests/bin/release/net8.0/mspaymentservice.application.tests.dll" id="8d4db51d-48ff-a504-3159-ba8e1d74fe70">
      <Execution id="92d4e747-90a3-48e3-8138-2769aec70cc5" />
      <TestMethod codeBase="/home/runner/work/ticketing_project_week1/ticketing_project_week1/paymentService/tests/MsPaymentService.Application.Tests/bin/Release/net8.0/MsPaymentService.Application.Tests.dll" adapterTypeName="executor://xunit/VsTestRunner2/netcoreapp" className="MsPaymentService.Application.Tests.PaymentEventDispatcherImplTests" name="DispatchAsync_NoMatchingHandler_ReturnsNull" />
    </UnitTest>
    <UnitTest name="MsPaymentService.Application.Tests.ProcessRejectedPaymentCommandHandlerTests.RejectedPayment_TransitionFails_ReturnsFailure" storage="/home/runner/work/ticketing_project_week1/ticketing_project_week1/paymentservice/tests/mspaymentservice.application.tests/bin/release/net8.0/mspaymentservice.application.tests.dll" id="e5ca65e3-e917-e69c-fa9c-c3f159ebc96b">
      <Execution id="82ef2f3f-c019-45f6-a4b7-8e1e81fff5eb" />
      <TestMethod codeBase="/home/runner/work/ticketing_project_week1/ticketing_project_week1/paymentService/tests/MsPaymentService.Application.Tests/bin/Release/net8.0/MsPaymentService.Application.Tests.dll" adapterTypeName="executor://xunit/VsTestRunner2/netcoreapp" className="MsPaymentService.Application.Tests.ProcessRejectedPaymentCommandHandlerTests" name="RejectedPayment_TransitionFails_ReturnsFailure" />
    </UnitTest>
    <UnitTest name="MsPaymentService.Application.Tests.PaymentApprovedEventHandlerTests.HandleAsync_ValidJson_ProcessesPaymentSuccessfully" storage="/home/runner/work/ticketing_project_week1/ticketing_project_week1/paymentservice/tests/mspaymentservice.application.tests/bin/release/net8.0/mspaymentservice.application.tests.dll" id="66d903f3-a399-1e5a-388b-2d9b2d4de644">
      <Execution id="3995a11f-f44d-4ed9-ae55-9e066f606128" />
      <TestMethod codeBase="/home/runner/work/ticketing_project_week1/ticketing_project_week1/paymentService/tests/MsPaymentService.Application.Tests/bin/Release/net8.0/MsPaymentService.Application.Tests.dll" adapterTypeName="executor://xunit/VsTestRunner2/netcoreapp" className="MsPaymentService.Application.Tests.PaymentApprovedEventHandlerTests" name="HandleAsync_ValidJson_ProcessesPaymentSuccessfully" />
    </UnitTest>
    <UnitTest name="MsPaymentService.Application.Tests.ProcessRejectedPaymentCommandHandlerTests.RejectedPayment_HappyPath_TransitionsToReleased" storage="/home/runner/work/ticketing_project_week1/ticketing_project_week1/paymentservice/tests/mspaymentservice.application.tests/bin/release/net8.0/mspaymentservice.application.tests.dll" id="674b2015-1b42-5457-eb95-f48b587deed1">
      <Execution id="db06d093-6d73-4047-afd5-1c2dc114db94" />
      <TestMethod codeBase="/home/runner/work/ticketing_project_week1/ticketing_project_week1/paymentService/tests/MsPaymentService.Application.Tests/bin/Release/net8.0/MsPaymentService.Application.Tests.dll" adapterTypeName="executor://xunit/VsTestRunner2/netcoreapp" className="MsPaymentService.Application.Tests.ProcessRejectedPaymentCommandHandlerTests" name="RejectedPayment_HappyPath_TransitionsToReleased" />
    </UnitTest>
    <UnitTest name="MsPaymentService.Application.Tests.PaymentRejectedEventHandlerTests.HandleAsync_NullDeserialization_ReturnsFailure" storage="/home/runner/work/ticketing_project_week1/ticketing_project_week1/paymentservice/tests/mspaymentservice.application.tests/bin/release/net8.0/mspaymentservice.application.tests.dll" id="b90ad053-7d81-f3af-3a6a-730533669588">
      <Execution id="615ec8c8-c2b5-4f2d-a2d5-46a0a45fc63f" />
      <TestMethod codeBase="/home/runner/work/ticketing_project_week1/ticketing_project_week1/paymentService/tests/MsPaymentService.Application.Tests/bin/Release/net8.0/MsPaymentService.Application.Tests.dll" adapterTypeName="executor://xunit/VsTestRunner2/netcoreapp" className="MsPaymentService.Application.Tests.PaymentRejectedEventHandlerTests" name="HandleAsync_NullDeserialization_ReturnsFailure" />
    </UnitTest>
    <UnitTest name="MsPaymentService.Application.Tests.PaymentApprovedEventHandlerTests.HandleAsync_NullDeserialization_ReturnsFailure" storage="/home/runner/work/ticketing_project_week1/ticketing_project_week1/paymentservice/tests/mspaymentservice.application.tests/bin/release/net8.0/mspaymentservice.application.tests.dll" id="a379643e-8a2e-040c-b9a7-e20ff4c9ca8a">
      <Execution id="4fd38344-bc7d-4487-a5b1-f276dadbf039" />
      <TestMethod codeBase="/home/runner/work/ticketing_project_week1/ticketing_project_week1/paymentService/tests/MsPaymentService.Application.Tests/bin/Release/net8.0/MsPaymentService.Application.Tests.dll" adapterTypeName="executor://xunit/VsTestRunner2/netcoreapp" className="MsPaymentService.Application.Tests.PaymentApprovedEventHandlerTests" name="HandleAsync_NullDeserialization_ReturnsFailure" />
    </UnitTest>
    <UnitTest name="MsPaymentService.Application.Tests.ProcessApprovedPaymentCommandHandlerTests.IsWithinTimeLimit_PastWindow_ReturnsFalse" storage="/home/runner/work/ticketing_project_week1/ticketing_project_week1/paymentservice/tests/mspaymentservice.application.tests/bin/release/net8.0/mspaymentservice.application.tests.dll" id="ecfd7f58-3ae1-7798-4728-659686ffbe57">
      <Execution id="65caffd1-e4bc-4c9d-9c44-0a0af46d3517" />
      <TestMethod codeBase="/home/runner/work/ticketing_project_week1/ticketing_project_week1/paymentService/tests/MsPaymentService.Application.Tests/bin/Release/net8.0/MsPaymentService.Application.Tests.dll" adapterTypeName="executor://xunit/VsTestRunner2/netcoreapp" className="MsPaymentService.Application.Tests.ProcessApprovedPaymentCommandHandlerTests" name="IsWithinTimeLimit_PastWindow_ReturnsFalse" />
    </UnitTest>
  </TestDefinitions>
  <TestEntries>
    <TestEntry testId="2746dcd6-62d7-dc38-7231-d80d737e2a74" executionId="8a855e03-6eb3-4819-a467-7aa06d8e79bf" testListId="8c84fa94-04c1-424b-9868-57a2d4851a1d" />
    <TestEntry testId="9ddf53c9-e95a-c11b-afc1-527f4ec93b78" executionId="76df414d-455f-4604-80eb-7571de7f0eb1" testListId="8c84fa94-04c1-424b-9868-57a2d4851a1d" />
    <TestEntry testId="8d4db51d-48ff-a504-3159-ba8e1d74fe70" executionId="92d4e747-90a3-48e3-8138-2769aec70cc5" testListId="8c84fa94-04c1-424b-9868-57a2d4851a1d" />
    <TestEntry testId="553050e4-c015-c838-e87e-7b90b30c2a20" executionId="52472bce-2996-4cee-8923-20bcbb9a4552" testListId="8c84fa94-04c1-424b-9868-57a2d4851a1d" />
    <TestEntry testId="2b2ece3a-624b-ef49-7380-5f9bd48eab2d" executionId="58178f09-2629-4f26-8c84-80703050417e" testListId="8c84fa94-04c1-424b-9868-57a2d4851a1d" />
    <TestEntry testId="42e91c4a-5614-ec16-dcc1-8e678341ebd1" executionId="9ff108a7-8bea-4398-bbdf-ff4192198759" testListId="8c84fa94-04c1-424b-9868-57a2d4851a1d" />
    <TestEntry testId="c6233e2a-aef9-9b47-6a3e-7816eab08e5b" executionId="e796f9e8-ed4d-47b4-81d5-be5ec3435f73" testListId="8c84fa94-04c1-424b-9868-57a2d4851a1d" />
    <TestEntry testId="a379643e-8a2e-040c-b9a7-e20ff4c9ca8a" executionId="4fd38344-bc7d-4487-a5b1-f276dadbf039" testListId="8c84fa94-04c1-424b-9868-57a2d4851a1d" />
    <TestEntry testId="ecfd7f58-3ae1-7798-4728-659686ffbe57" executionId="65caffd1-e4bc-4c9d-9c44-0a0af46d3517" testListId="8c84fa94-04c1-424b-9868-57a2d4851a1d" />
    <TestEntry testId="f0fa5942-f5e5-8c8d-0d8d-8cca78f9f0ee" executionId="f9935aff-a308-4108-ac45-065371c3bd7c" testListId="8c84fa94-04c1-424b-9868-57a2d4851a1d" />
    <TestEntry testId="71a127b9-eb6c-60e0-8599-25e232a969e1" executionId="ebebd156-7762-4263-806f-b6adb9443eb4" testListId="8c84fa94-04c1-424b-9868-57a2d4851a1d" />
    <TestEntry testId="9b006b44-2516-2b0a-eceb-466b0379ebce" executionId="1d66dcef-4162-491c-ba8d-e0d3e4cc8be5" testListId="8c84fa94-04c1-424b-9868-57a2d4851a1d" />
    <TestEntry testId="674b2015-1b42-5457-eb95-f48b587deed1" executionId="db06d093-6d73-4047-afd5-1c2dc114db94" testListId="8c84fa94-04c1-424b-9868-57a2d4851a1d" />
    <TestEntry testId="32e3c104-ec09-acd5-646b-5692c89dab85" executionId="7df269e4-3565-42ff-9820-5708271f46d1" testListId="8c84fa94-04c1-424b-9868-57a2d4851a1d" />
    <TestEntry testId="66d903f3-a399-1e5a-388b-2d9b2d4de644" executionId="3995a11f-f44d-4ed9-ae55-9e066f606128" testListId="8c84fa94-04c1-424b-9868-57a2d4851a1d" />
    <TestEntry testId="5da73899-8ddc-c7eb-5ece-45f9c414e621" executionId="0b2ce19b-8aa7-42a2-9218-e62c56767622" testListId="8c84fa94-04c1-424b-9868-57a2d4851a1d" />
    <TestEntry testId="f00595b5-c936-0e85-edad-d058d8528c6b" executionId="a272fd11-9733-4438-8a40-41e8a190539b" testListId="8c84fa94-04c1-424b-9868-57a2d4851a1d" />
    <TestEntry testId="e4f356b6-a0e2-5a5c-ccef-8cf98c7fc180" executionId="9a7489c2-4ad0-4b35-ae86-779c696c1e58" testListId="8c84fa94-04c1-424b-9868-57a2d4851a1d" />
    <TestEntry testId="c9c84df5-4bce-acea-9c8a-827abc8cb66b" executionId="8b907ace-e0f5-47c6-8c30-babcf8052e54" testListId="8c84fa94-04c1-424b-9868-57a2d4851a1d" />
    <TestEntry testId="b90ad053-7d81-f3af-3a6a-730533669588" executionId="615ec8c8-c2b5-4f2d-a2d5-46a0a45fc63f" testListId="8c84fa94-04c1-424b-9868-57a2d4851a1d" />
    <TestEntry testId="37d661a8-c884-5594-ff95-fd684d02e4cb" executionId="33681d5e-9b4f-44c5-8276-80fbb0c14c28" testListId="8c84fa94-04c1-424b-9868-57a2d4851a1d" />
    <TestEntry testId="e5ca65e3-e917-e69c-fa9c-c3f159ebc96b" executionId="82ef2f3f-c019-45f6-a4b7-8e1e81fff5eb" testListId="8c84fa94-04c1-424b-9868-57a2d4851a1d" />
    <TestEntry testId="4739ceeb-4d0f-06dd-3cfa-0b915ae3b49e" executionId="62a5b260-81a2-4892-b583-04e57bbec831" testListId="8c84fa94-04c1-424b-9868-57a2d4851a1d" />
    <TestEntry testId="29786752-72de-d730-49e7-8a061593a917" executionId="c1dd3f7d-2d83-44ad-99be-fbf006b81aca" testListId="8c84fa94-04c1-424b-9868-57a2d4851a1d" />
    <TestEntry testId="79bbd85c-c25e-622b-e44f-8eaf99806b08" executionId="bd95c9de-cd9d-4d2e-b119-4f426c6f2b4c" testListId="8c84fa94-04c1-424b-9868-57a2d4851a1d" />
  </TestEntries>
  <TestLists>
    <TestList name="Results Not in a List" id="8c84fa94-04c1-424b-9868-57a2d4851a1d" />
    <TestList name="All Loaded Results" id="19431567-8539-422a-85d7-44ee4e166bda" />
  </TestLists>
  <ResultSummary outcome="Completed">
    <Counters total="25" executed="25" passed="25" failed="0" error="0" timeout="0" aborted="0" inconclusive="0" passedButRunAborted="0" notRunnable="0" notExecuted="0" disconnected="0" warning="0" completed="0" inProgress="0" pending="0" />
    <Output>
      <StdOut>[xUnit.net 00:00:00.00] xUnit.net VSTest Adapter v2.4.5+1caef2f33e (64-bit .NET 8.0.24)
[xUnit.net 00:00:01.59]   Discovering: MsPaymentService.Application.Tests
[xUnit.net 00:00:01.63]   Discovered:  MsPaymentService.Application.Tests
[xUnit.net 00:00:01.64]   Starting:    MsPaymentService.Application.Tests
[xUnit.net 00:00:01.95]   Finished:    MsPaymentService.Application.Tests
</StdOut>
    </Output>
  </ResultSummary>
</TestRun>