<?xml version="1.0" encoding="utf-8"?>
<TestRun id="6f75a341-6057-4a4d-a86d-eef6d10862e9" name="@runnervm0kj6c 2026-03-09 05:36:32" xmlns="http://microsoft.com/schemas/VisualStudio/TeamTest/2010">
  <Times creation="2026-03-09T05:36:32.8398302+00:00" queuing="2026-03-09T05:36:32.8398303+00:00" start="2026-03-09T05:36:32.2361407+00:00" finish="2026-03-09T05:36:32.8455253+00:00" />
  <TestSettings name="default" id="b78ec6a2-13fd-4565-8a97-0b42a160ba1c">
    <Deployment runDeploymentRoot="_runnervm0kj6c_2026-03-09_05_36_32" />
  </TestSettings>
  <Results>
    <UnitTestResult executionId="c558591b-199e-43f2-8d7f-82f738bd0628" testId="5c03b92d-088a-0b37-75a1-c414651a8677" testName="Nuevo ticket: Version inicial es 0" computerName="runnervm0kj6c" duration="00:00:00.0000974" startTime="2026-03-09T05:36:32.7410711+00:00" endTime="2026-03-09T05:36:32.7410712+00:00" testType="13cdc9d9-ddb5-4fa4-a97d-d965ccfc6d4b" outcome="Passed" testListId="8c84fa94-04c1-424b-9868-57a2d4851a1d" relativeResultsDirectory="c558591b-199e-43f2-8d7f-82f738bd0628" />
    <UnitTestResult executionId="a93ef3da-6748-47a6-90c8-a2381375ccad" testId="0f2a1ce1-69df-53f0-2fe2-cbfcd832843a" testName="Ticket: estado Paid tiene PaidAt definido" computerName="runnervm0kj6c" duration="00:00:00.0062593" startTime="2026-03-09T05:36:32.7351253+00:00" endTime="2026-03-09T05:36:32.7351254+00:00" testType="13cdc9d9-ddb5-4fa4-a97d-d965ccfc6d4b" outcome="Passed" testListId="8c84fa94-04c1-424b-9868-57a2d4851a1d" relativeResultsDirectory="a93ef3da-6748-47a6-90c8-a2381375ccad" />
    <UnitTestResult executionId="6d5b18a3-c6af-46ac-b81c-20e2f17b5c07" testId="8fc7385d-39fa-98b9-d589-0ff636980f8e" testName="Ticket: liberación resetea campos de reserva" computerName="runnervm0kj6c" duration="00:00:00.0003006" startTime="2026-03-09T05:36:32.7383614+00:00" endTime="2026-03-09T05:36:32.7383615+00:00" testType="13cdc9d9-ddb5-4fa4-a97d-d965ccfc6d4b" outcome="Passed" testListId="8c84fa94-04c1-424b-9868-57a2d4851a1d" relativeResultsDirectory="6d5b18a3-c6af-46ac-b81c-20e2f17b5c07" />
    <UnitTestResult executionId="43fcd30f-edf8-4aa4-9560-4cca2451b47f" testId="9fe804e3-f1e1-32e7-5b9c-161d51723c4e" testName="Ticket vigente: ExpiresAt en el futuro → isExpired es false" computerName="runnervm0kj6c" duration="00:00:00.0002440" startTime="2026-03-09T05:36:32.7409225+00:00" endTime="2026-03-09T05:36:32.7409226+00:00" testType="13cdc9d9-ddb5-4fa4-a97d-d965ccfc6d4b" outcome="Passed" testListId="8c84fa94-04c1-424b-9868-57a2d4851a1d" relativeResultsDirectory="43fcd30f-edf8-4aa4-9560-4cca2451b47f" />
    <UnitTestResult executionId="94f8c3b2-83cb-42f4-9a0c-ac02a510bb8a" testId="c7887fa5-4f42-758f-b34e-428dcbe5acc3" testName="Ticket expirado: ExpiresAt en el pasado → isExpired es true" computerName="runnervm0kj6c" duration="00:00:00.0001562" startTime="2026-03-09T05:36:32.7385675+00:00" endTime="2026-03-09T05:36:32.7385676+00:00" testType="13cdc9d9-ddb5-4fa4-a97d-d965ccfc6d4b" outcome="Passed" testListId="8c84fa94-04c1-424b-9868-57a2d4851a1d" relativeResultsDirectory="94f8c3b2-83cb-42f4-9a0c-ac02a510bb8a" />
    <UnitTestResult executionId="4108d15b-e512-46d1-86d4-9f67c2b9d798" testId="5b339a92-bd7c-a0f2-7db1-5ee8fa130dc5" testName="Nuevo ticket: campos de reserva son nulos" computerName="runnervm0kj6c" duration="00:00:00.0027732" startTime="2026-03-09T05:36:32.7292715+00:00" endTime="2026-03-09T05:36:32.7293044+00:00" testType="13cdc9d9-ddb5-4fa4-a97d-d965ccfc6d4b" outcome="Passed" testListId="8c84fa94-04c1-424b-9868-57a2d4851a1d" relativeResultsDirectory="4108d15b-e512-46d1-86d4-9f67c2b9d798" />
    <UnitTestResult executionId="65be40aa-b9f5-448e-a851-2c75de203692" testId="097bb9b9-e204-fd8c-5de7-da6c8a47ad8c" testName="Ticket: asignación de estado Reserved actualiza campos" computerName="runnervm0kj6c" duration="00:00:00.0028486" startTime="2026-03-09T05:36:32.7379853+00:00" endTime="2026-03-09T05:36:32.7379854+00:00" testType="13cdc9d9-ddb5-4fa4-a97d-d965ccfc6d4b" outcome="Passed" testListId="8c84fa94-04c1-424b-9868-57a2d4851a1d" relativeResultsDirectory="65be40aa-b9f5-448e-a851-2c75de203692" />
    <UnitTestResult executionId="5b76ea8b-ad08-4568-a1e1-5c45867ee9b5" testId="96147468-670c-f9d2-2bf8-7a1522683a8c" testName="Nuevo ticket: estado inicial es Available" computerName="runnervm0kj6c" duration="00:00:00.0000747" startTime="2026-03-09T05:36:32.7412250+00:00" endTime="2026-03-09T05:36:32.7412251+00:00" testType="13cdc9d9-ddb5-4fa4-a97d-d965ccfc6d4b" outcome="Passed" testListId="8c84fa94-04c1-424b-9868-57a2d4851a1d" relativeResultsDirectory="5b76ea8b-ad08-4568-a1e1-5c45867ee9b5" />
    <UnitTestResult executionId="402dd641-8954-44e4-a6f6-39d641342a8b" testId="8a8df758-ce52-6ad2-1f77-82c631ad215c" testName="Ticket: IDs de evento y ticket son asignables correctamente" computerName="runnervm0kj6c" duration="00:00:00.0019602" startTime="2026-03-09T05:36:32.7406129+00:00" endTime="2026-03-09T05:36:32.7406130+00:00" testType="13cdc9d9-ddb5-4fa4-a97d-d965ccfc6d4b" outcome="Passed" testListId="8c84fa94-04c1-424b-9868-57a2d4851a1d" relativeResultsDirectory="402dd641-8954-44e4-a6f6-39d641342a8b" />
  </Results>
  <TestDefinitions>
    <UnitTest name="Ticket: asignación de estado Reserved actualiza campos" storage="/home/runner/work/ticketing_project_week1/ticketing_project_week1/reservationservice/tests/reservationservice.domain.tests/bin/release/net8.0/reservationservice.domain.tests.dll" id="097bb9b9-e204-fd8c-5de7-da6c8a47ad8c">
      <Execution id="65be40aa-b9f5-448e-a851-2c75de203692" />
      <TestMethod codeBase="/home/runner/work/ticketing_project_week1/ticketing_project_week1/ReservationService/tests/ReservationService.Domain.Tests/bin/Release/net8.0/ReservationService.Domain.Tests.dll" adapterTypeName="executor://xunit/VsTestRunner2/netcoreapp" className="ReservationService.Domain.Tests.TicketEntityTests" name="Ticket_SetReservedStatus_UpdatesReservationFields" />
    </UnitTest>
    <UnitTest name="Ticket: liberación resetea campos de reserva" storage="/home/runner/work/ticketing_project_week1/ticketing_project_week1/reservationservice/tests/reservationservice.domain.tests/bin/release/net8.0/reservationservice.domain.tests.dll" id="8fc7385d-39fa-98b9-d589-0ff636980f8e">
      <Execution id="6d5b18a3-c6af-46ac-b81c-20e2f17b5c07" />
      <TestMethod codeBase="/home/runner/work/ticketing_project_week1/ticketing_project_week1/ReservationService/tests/ReservationService.Domain.Tests/bin/Release/net8.0/ReservationService.Domain.Tests.dll" adapterTypeName="executor://xunit/VsTestRunner2/netcoreapp" className="ReservationService.Domain.Tests.TicketEntityTests" name="Ticket_Release_ClearsReservationFields" />
    </UnitTest>
    <UnitTest name="Nuevo ticket: estado inicial es Available" storage="/home/runner/work/ticketing_project_week1/ticketing_project_week1/reservationservice/tests/reservationservice.domain.tests/bin/release/net8.0/reservationservice.domain.tests.dll" id="96147468-670c-f9d2-2bf8-7a1522683a8c">
      <Execution id="5b76ea8b-ad08-4568-a1e1-5c45867ee9b5" />
      <TestMethod codeBase="/home/runner/work/ticketing_project_week1/ticketing_project_week1/ReservationService/tests/ReservationService.Domain.Tests/bin/Release/net8.0/ReservationService.Domain.Tests.dll" adapterTypeName="executor://xunit/VsTestRunner2/netcoreapp" className="ReservationService.Domain.Tests.TicketEntityTests" name="NewTicket_DefaultStatus_IsAvailable" />
    </UnitTest>
    <UnitTest name="Nuevo ticket: campos de reserva son nulos" storage="/home/runner/work/ticketing_project_week1/ticketing_project_week1/reservationservice/tests/reservationservice.domain.tests/bin/release/net8.0/reservationservice.domain.tests.dll" id="5b339a92-bd7c-a0f2-7db1-5ee8fa130dc5">
      <Execution id="4108d15b-e512-46d1-86d4-9f67c2b9d798" />
      <TestMethod codeBase="/home/runner/work/ticketing_project_week1/ticketing_project_week1/ReservationService/tests/ReservationService.Domain.Tests/bin/Release/net8.0/ReservationService.Domain.Tests.dll" adapterTypeName="executor://xunit/VsTestRunner2/netcoreapp" className="ReservationService.Domain.Tests.TicketEntityTests" name="NewTicket_ReservationFields_AreNull" />
    </UnitTest>
    <UnitTest name="Ticket expirado: ExpiresAt en el pasado → isExpired es true" storage="/home/runner/work/ticketing_project_week1/ticketing_project_week1/reservationservice/tests/reservationservice.domain.tests/bin/release/net8.0/reservationservice.domain.tests.dll" id="c7887fa5-4f42-758f-b34e-428dcbe5acc3">
      <Execution id="94f8c3b2-83cb-42f4-9a0c-ac02a510bb8a" />
      <TestMethod codeBase="/home/runner/work/ticketing_project_week1/ticketing_project_week1/ReservationService/tests/ReservationService.Domain.Tests/bin/Release/net8.0/ReservationService.Domain.Tests.dll" adapterTypeName="executor://xunit/VsTestRunner2/netcoreapp" className="ReservationService.Domain.Tests.TicketEntityTests" name="Ticket_WhenExpiresAtInPast_IsExpired" />
    </UnitTest>
    <UnitTest name="Ticket vigente: ExpiresAt en el futuro → isExpired es false" storage="/home/runner/work/ticketing_project_week1/ticketing_project_week1/reservationservice/tests/reservationservice.domain.tests/bin/release/net8.0/reservationservice.domain.tests.dll" id="9fe804e3-f1e1-32e7-5b9c-161d51723c4e">
      <Execution id="43fcd30f-edf8-4aa4-9560-4cca2451b47f" />
      <TestMethod codeBase="/home/runner/work/ticketing_project_week1/ticketing_project_week1/ReservationService/tests/ReservationService.Domain.Tests/bin/Release/net8.0/ReservationService.Domain.Tests.dll" adapterTypeName="executor://xunit/VsTestRunner2/netcoreapp" className="ReservationService.Domain.Tests.TicketEntityTests" name="Ticket_WhenExpiresAtInFuture_IsNotExpired" />
    </UnitTest>
    <UnitTest name="Ticket: IDs de evento y ticket son asignables correctamente" storage="/home/runner/work/ticketing_project_week1/ticketing_project_week1/reservationservice/tests/reservationservice.domain.tests/bin/release/net8.0/reservationservice.domain.tests.dll" id="8a8df758-ce52-6ad2-1f77-82c631ad215c">
      <Execution id="402dd641-8954-44e4-a6f6-39d641342a8b" />
      <TestMethod codeBase="/home/runner/work/ticketing_project_week1/ticketing_project_week1/ReservationService/tests/ReservationService.Domain.Tests/bin/Release/net8.0/ReservationService.Domain.Tests.dll" adapterTypeName="executor://xunit/VsTestRunner2/netcoreapp" className="ReservationService.Domain.Tests.TicketEntityTests" name="Ticket_Ids_AreAssignableAndReadable" />
    </UnitTest>
    <UnitTest name="Nuevo ticket: Version inicial es 0" storage="/home/runner/work/ticketing_project_week1/ticketing_project_week1/reservationservice/tests/reservationservice.domain.tests/bin/release/net8.0/reservationservice.domain.tests.dll" id="5c03b92d-088a-0b37-75a1-c414651a8677">
      <Execution id="c558591b-199e-43f2-8d7f-82f738bd0628" />
      <TestMethod codeBase="/home/runner/work/ticketing_project_week1/ticketing_project_week1/ReservationService/tests/ReservationService.Domain.Tests/bin/Release/net8.0/ReservationService.Domain.Tests.dll" adapterTypeName="executor://xunit/VsTestRunner2/netcoreapp" className="ReservationService.Domain.Tests.TicketEntityTests" name="NewTicket_InitialVersion_IsZero" />
    </UnitTest>
    <UnitTest name="Ticket: estado Paid tiene PaidAt definido" storage="/home/runner/work/ticketing_project_week1/ticketing_project_week1/reservationservice/tests/reservationservice.domain.tests/bin/release/net8.0/reservationservice.domain.tests.dll" id="0f2a1ce1-69df-53f0-2fe2-cbfcd832843a">
      <Execution id="a93ef3da-6748-47a6-90c8-a2381375ccad" />
      <TestMethod codeBase="/home/runner/work/ticketing_project_week1/ticketing_project_week1/ReservationService/tests/ReservationService.Domain.Tests/bin/Release/net8.0/ReservationService.Domain.Tests.dll" adapterTypeName="executor://xunit/VsTestRunner2/netcoreapp" className="ReservationService.Domain.Tests.TicketEntityTests" name="Ticket_SetPaidStatus_HasPaidAtDate" />
    </UnitTest>
  </TestDefinitions>
  <TestEntries>
    <TestEntry testId="5c03b92d-088a-0b37-75a1-c414651a8677" executionId="c558591b-199e-43f2-8d7f-82f738bd0628" testListId="8c84fa94-04c1-424b-9868-57a2d4851a1d" />
    <TestEntry testId="0f2a1ce1-69df-53f0-2fe2-cbfcd832843a" executionId="a93ef3da-6748-47a6-90c8-a2381375ccad" testListId="8c84fa94-04c1-424b-9868-57a2d4851a1d" />
    <TestEntry testId="8fc7385d-39fa-98b9-d589-0ff636980f8e" executionId="6d5b18a3-c6af-46ac-b81c-20e2f17b5c07" testListId="8c84fa94-04c1-424b-9868-57a2d4851a1d" />
    <TestEntry testId="9fe804e3-f1e1-32e7-5b9c-161d51723c4e" executionId="43fcd30f-edf8-4aa4-9560-4cca2451b47f" testListId="8c84fa94-04c1-424b-9868-57a2d4851a1d" />
    <TestEntry testId="c7887fa5-4f42-758f-b34e-428dcbe5acc3" executionId="94f8c3b2-83cb-42f4-9a0c-ac02a510bb8a" testListId="8c84fa94-04c1-424b-9868-57a2d4851a1d" />
    <TestEntry testId="5b339a92-bd7c-a0f2-7db1-5ee8fa130dc5" executionId="4108d15b-e512-46d1-86d4-9f67c2b9d798" testListId="8c84fa94-04c1-424b-9868-57a2d4851a1d" />
    <TestEntry testId="097bb9b9-e204-fd8c-5de7-da6c8a47ad8c" executionId="65be40aa-b9f5-448e-a851-2c75de203692" testListId="8c84fa94-04c1-424b-9868-57a2d4851a1d" />
    <TestEntry testId="96147468-670c-f9d2-2bf8-7a1522683a8c" executionId="5b76ea8b-ad08-4568-a1e1-5c45867ee9b5" testListId="8c84fa94-04c1-424b-9868-57a2d4851a1d" />
    <TestEntry testId="8a8df758-ce52-6ad2-1f77-82c631ad215c" executionId="402dd641-8954-44e4-a6f6-39d641342a8b" testListId="8c84fa94-04c1-424b-9868-57a2d4851a1d" />
  </TestEntries>
  <TestLists>
    <TestList name="Results Not in a List" id="8c84fa94-04c1-424b-9868-57a2d4851a1d" />
    <TestList name="All Loaded Results" id="19431567-8539-422a-85d7-44ee4e166bda" />
  </TestLists>
  <ResultSummary outcome="Completed">
    <Counters total="9" executed="9" passed="9" failed="0" error="0" timeout="0" aborted="0" inconclusive="0" passedButRunAborted="0" notRunnable="0" notExecuted="0" disconnected="0" warning="0" completed="0" inProgress="0" pending="0" />
    <Output>
      <StdOut>[xUnit.net 00:00:00.00] xUnit.net VSTest Adapter v2.5.6+bf9b858c26 (64-bit .NET 8.0.24)
[xUnit.net 00:00:00.06]   Discovering: ReservationService.Domain.Tests
[xUnit.net 00:00:00.09]   Discovered:  ReservationService.Domain.Tests
[xUnit.net 00:00:00.10]   Starting:    ReservationService.Domain.Tests
[xUnit.net 00:00:00.16]   Finished:    ReservationService.Domain.Tests
</StdOut>
    </Output>
  </ResultSummary>
</TestRun>